Connecting to ::1
CONNECTED(00000003)
>>> TLS 1.0, RecordHeader [length 0005]
    16 03 01 05 ed
>>> TLS 1.3, Handshake [length 05ed], ClientHello
    01 00 05 e9 03 03 5d 17 f2 2c 1a 79 de 48 a4 42
    d3 e0 49 fd 9b c0 da fa 33 1f 53 ed e8 e6 0c 2c
    c4 2b 47 dc b6 40 20 2b cf 96 24 27 8a b1 41 c0
    ec fc cb 28 5b ca 15 78 00 03 dc df b2 fb 36 2c
    e7 8d 30 82 58 eb 01 00 06 13 02 13 03 13 01 01
    00 05 9a 00 0a 00 04 00 02 11 eb 00 23 00 00 00
    16 00 00 00 17 00 00 00 0d 00 8a 00 88 09 05 09
    06 09 04 04 03 05 03 06 03 08 07 08 08 08 1a 08
    1b 08 1c 08 09 08 0a 08 0b 08 04 08 05 08 06 04
    01 05 01 06 01 ff 06 ff 07 ff 08 ff 09 fe d7 fe
    d8 fe d9 fe dc fe dd fe de fe da fe db fe df fe
    e0 fe b3 fe b4 fe b5 fe b6 fe b7 fe b8 fe b9 fe
    ba fe c2 fe c3 fe c4 ff 32 ff 36 ff 33 ff 37 ff
    34 ff 38 ff 35 ff 39 ff 53 ff 0f ff 1b ff 13 ff
    1f ff 3a ff 3b ff 3e ff 3f ff 42 ff 43 ff 4c ff
    4d ff 51 ff 52 00 2b 00 03 02 03 04 00 2d 00 02
    01 01 00 33 04 e7 04 e5 11 eb 04 e1 04 81 aa ec
    dd 55 f2 08 9c 12 2f 8d d3 ed 58 6b d0 f1 c8 61
    cf 50 c1 62 e9 91 fd 1b 56 f3 67 5f 6a c5 9d 54
    33 d8 ad 8b d2 3e da f7 3f 75 31 33 a6 20 60 dc
    8a ac c1 f1 c3 15 c9 93 27 5a 4b 78 60 0b c1 7c
    16 65 57 1b 46 0a 8a 89 cb 77 c7 84 12 45 0b 40
    50 21 94 e5 31 62 aa cf 7d 55 9a 50 b6 16 8b e9
    43 da c3 c8 38 6b 31 d2 81 6f 45 ec 53 31 d9 60
    46 ba 74 4a 6c 87 98 40 49 26 d8 05 9c 20 8b 50
    d0 c0 ab d3 9a 1f 37 b4 5b 04 3f ba 27 aa 4c 45
    3a e6 b8 49 e3 10 88 89 52 7c b2 5b 91 41 96 aa
    46 8c 5f 07 10 5a 76 89 9b be a2 50 9e 62 08 1b
    fb c7 d5 64 7c 45 a5 99 3c d7 b2 b4 ba ab 3f f5
    38 c8 fa aa 66 79 84 f0 f3 b3 23 7a 91 9a 62 8a
    41 62 5f a8 34 6f aa c9 4f 9b ca 9f fe 6b 3c f5
    91 bb 93 29 99 ab c3 15 05 52 8a ef b1 11 8f 31
    0b e0 fc 4c 18 85 52 4e aa 48 27 73 70 31 f4 87
    75 d3 53 21 b0 c5 ce 65 4b c9 c6 58 ba a6 5e bc
    90 89 9d 9c 64 00 28 70 cc 04 43 60 c8 ab 87 9b
    ab 82 49 38 fd b2 14 50 5c 84 17 a6 c1 25 7a 3e
    af b3 cb 75 db c3 66 84 42 f9 3c 36 b9 8a 36 ee
    b8 4d fd d9 26 40 84 ae 5c b7 84 60 a9 84 93 97
    47 35 25 33 9b 89 cc a6 66 99 80 6a 74 95 b6 c0
    31 f8 98 81 57 55 dd 36 a9 47 14 bf d7 62 13 23
    b1 c6 df a5 51 99 75 13 13 eb cb 17 f9 3e e3 d9
    71 84 67 06 54 e0 71 f7 3c 12 a1 28 a2 c8 e7 66
    31 95 2b 6a 91 a0 d6 ac aa 0a b1 67 4c e1 28 3e
    07 a0 77 7b ca a5 a7 21 e3 bc 27 97 bb cc 7a 64
    73 c5 d5 96 a0 b1 65 15 c1 95 c1 b2 6f ef e9 06
    00 3c ab ba d6 18 e7 da 4b e8 67 39 29 b1 9c 3f
    e6 b7 c0 fa 87 24 4b 6d bb 59 30 f2 05 9a 85 c2
    c9 00 2c 2a 76 85 89 01 0b 34 cd d9 2d 15 91 7f
    fe f6 1b 8b 3c 1a 78 8a 49 85 d7 cb f3 b8 1e 8d
    c3 26 77 f1 9a 60 88 2a 10 aa b4 89 96 8b 65 5c
    92 b2 96 1f 1e d8 44 19 a5 39 14 28 13 6e bb 29
    51 38 ae 54 e7 3e b3 6a a0 03 c0 71 a5 39 9a 30
    61 1e 4f 3b 78 58 a0 36 fd e5 94 ef 4a 94 3f 41
    5a ea 39 23 bc 56 65 6c d9 8c a1 e3 c4 5f f5 7d
    89 09 19 52 89 3a 76 db 64 ca 5a 20 bb d7 70 6e
    f1 7f ce 44 73 4b cc 4e 58 9a bc 89 3a 4b a8 91
    4d eb b3 63 be d0 ca 41 4a a1 48 48 25 74 28 1f
    b3 56 2b 1d 60 ab ea f5 1b f6 1b 11 a1 75 65 f8
    c3 78 ea 7b 1b d0 9b 36 47 53 69 97 e6 ab 51 d5
    c1 68 78 97 a7 56 3b 21 62 5a 14 ca c3 5c c8 cf
    67 8a 29 48 0c 67 04 8b a7 55 a1 64 66 c3 96 cb
    2c 4e d4 72 25 20 1c 15 7d 3b 99 b4 0a 12 db 33
    43 50 ec 0c 36 96 a6 26 ec 2d 9c 99 92 6b b0 55
    c0 a4 0e 83 b6 52 05 60 5c c1 c6 5c 5b 02 4c b9
    c2 71 75 5a 82 40 12 a9 83 2b 25 8e 67 85 a0 c7
    43 95 05 47 7c b4 16 98 90 48 e3 76 2b 9a 73 b2
    14 c2 ab 25 16 34 2a 63 70 88 70 76 17 d3 99 0b
    f5 6d 7e 43 7e ab c1 b9 19 7c 11 cf 64 5c bd 38
    2f 34 67 2b 83 1a 77 c9 2b 2e 33 4b c8 e2 bc 0b
    a9 82 5b 27 96 29 36 c0 1a 70 84 84 2a 70 ae 09
    23 87 a7 18 66 86 44 1d 1c 8a 2c 24 72 1a 69 6a
    02 e2 83 15 c7 a9 3a 07 9a 94 42 16 10 89 64 6a
    f2 72 ae 31 34 85 fa bb 8b cf 83 b5 03 4c 2f d9
    31 56 18 57 08 a7 cb 66 11 50 2d f4 51 27 db f5
    5d f8 61 3f f2 fa 9e 5f a8 be 6e 2b a0 31 45 30
    5f 4a 30 ec 91 96 40 ec 6b 1d 81 61 98 e0 30 c9
    c9 86 ff 46 b7 a4 33 5d cf d0 7d 0a 31 82 92 50
    6f aa 91 49 57 cc c7 e2 c8 32 67 99 2a 8b 98 91
    53 e7 16 fb 50 46 65 a1 a6 05 1b 71 9e 3a 38 e1
    8c 8d 29 9a 3f 5d 87 87 64 b4 44 2f f7 7d 3c d1
    c3 17 93 83 de 53 98 95 51 26 b3 82 65 3f b5 86
    c7 6b 3e 32 ec c8 61 e0 71 8a b4 90 aa 07 0c ec
    5c b3 96 17 b2 16 42 92 d8 ba 14 c4 4b a3 5e e3
    79 69 32 0b 67 bb 07 68 ac 2c 36 d0 76 b7 9a c5
    a0 27 8d 3e f2 b8 1b f3 3b ae fa 91 c5 64 b7 75
    6b 92 7e 74 2f 6f 14 2b 71 14 a3 50 7a 34 6d 1b
    9b c3 93 25 c9 8c 42 31 84 61 33 93 a2 c9 a6 81
    01 9a 2a 78 23 23 4d 73 2a 03 51 35 1c 02 60 75
    5a 61 fb 50 1e 60 b9 2f 97 c2 65 26 55 15 66 81
    38 ac 79 23 37 f7 8f 3c 78 a9 e7 77 1b ff b5 28
    0c 89 63 3d 88 42 f1 17 2f 34 68 c0 e3 c6 51 5f
    db 1b ae 3a 95 3e 31 5e de 54 c5 1a 57 a1 79 8b
    92 a1 ca 65 50 47 44 e4 eb 61 5a cc 0f 16 99 90
    44 89 49 af ee 6d 8c 4c 89 16 d1 8a a1 66 d3 7f
    48 7d 27 00 6f fe 2a 19 21 b1 6d 11 14
write to 0x70bd065161c0 [0x70bd064fd180] (1522 bytes => 1522 (0x5F2))
0000 - 16 03 01 05 ed 01 00 05-e9 03 03 5d 17 f2 2c 1a   ...........]..,.
0010 - 79 de 48 a4 42 d3 e0 49-fd 9b c0 da fa 33 1f 53   y.H.B..I.....3.S
0020 - ed e8 e6 0c 2c c4 2b 47-dc b6 40 20 2b cf 96 24   ....,.+G..@ +..$
0030 - 27 8a b1 41 c0 ec fc cb-28 5b ca 15 78 00 03 dc   '..A....([..x...
0040 - df b2 fb 36 2c e7 8d 30-82 58 eb 01 00 06 13 02   ...6,..0.X......
0050 - 13 03 13 01 01 00 05 9a-00 0a 00 04 00 02 11 eb   ................
0060 - 00 23 00 00 00 16 00 00-00 17 00 00 00 0d 00 8a   .#..............
0070 - 00 88 09 05 09 06 09 04-04 03 05 03 06 03 08 07   ................
0080 - 08 08 08 1a 08 1b 08 1c-08 09 08 0a 08 0b 08 04   ................
0090 - 08 05 08 06 04 01 05 01-06 01 ff 06 ff 07 ff 08   ................
00a0 - ff 09 fe d7 fe d8 fe d9-fe dc fe dd fe de fe da   ................
00b0 - fe db fe df fe e0 fe b3-fe b4 fe b5 fe b6 fe b7   ................
00c0 - fe b8 fe b9 fe ba fe c2-fe c3 fe c4 ff 32 ff 36   .............2.6
00d0 - ff 33 ff 37 ff 34 ff 38-ff 35 ff 39 ff 53 ff 0f   .3.7.4.8.5.9.S..
00e0 - ff 1b ff 13 ff 1f ff 3a-ff 3b ff 3e ff 3f ff 42   .......:.;.>.?.B
00f0 - ff 43 ff 4c ff 4d ff 51-ff 52 00 2b 00 03 02 03   .C.L.M.Q.R.+....
0100 - 04 00 2d 00 02 01 01 00-33 04 e7 04 e5 11 eb 04   ..-.....3.......
0110 - e1 04 81 aa ec dd 55 f2-08 9c 12 2f 8d d3 ed 58   ......U..../...X
0120 - 6b d0 f1 c8 61 cf 50 c1-62 e9 91 fd 1b 56 f3 67   k...a.P.b....V.g
0130 - 5f 6a c5 9d 54 33 d8 ad-8b d2 3e da f7 3f 75 31   _j..T3....>..?u1
0140 - 33 a6 20 60 dc 8a ac c1-f1 c3 15 c9 93 27 5a 4b   3. `.........'ZK
0150 - 78 60 0b c1 7c 16 65 57-1b 46 0a 8a 89 cb 77 c7   x`..|.eW.F....w.
0160 - 84 12 45 0b 40 50 21 94-e5 31 62 aa cf 7d 55 9a   ..E.@P!..1b..}U.
0170 - 50 b6 16 8b e9 43 da c3-c8 38 6b 31 d2 81 6f 45   P....C...8k1..oE
0180 - ec 53 31 d9 60 46 ba 74-4a 6c 87 98 40 49 26 d8   .S1.`F.tJl..@I&.
0190 - 05 9c 20 8b 50 d0 c0 ab-d3 9a 1f 37 b4 5b 04 3f   .. .P......7.[.?
01a0 - ba 27 aa 4c 45 3a e6 b8-49 e3 10 88 89 52 7c b2   .'.LE:..I....R|.
01b0 - 5b 91 41 96 aa 46 8c 5f-07 10 5a 76 89 9b be a2   [.A..F._..Zv....
01c0 - 50 9e 62 08 1b fb c7 d5-64 7c 45 a5 99 3c d7 b2   P.b.....d|E..<..
01d0 - b4 ba ab 3f f5 38 c8 fa-aa 66 79 84 f0 f3 b3 23   ...?.8...fy....#
01e0 - 7a 91 9a 62 8a 41 62 5f-a8 34 6f aa c9 4f 9b ca   z..b.Ab_.4o..O..
01f0 - 9f fe 6b 3c f5 91 bb 93-29 99 ab c3 15 05 52 8a   ..k<....).....R.
0200 - ef b1 11 8f 31 0b e0 fc-4c 18 85 52 4e aa 48 27   ....1...L..RN.H'
0210 - 73 70 31 f4 87 75 d3 53-21 b0 c5 ce 65 4b c9 c6   sp1..u.S!...eK..
0220 - 58 ba a6 5e bc 90 89 9d-9c 64 00 28 70 cc 04 43   X..^.....d.(p..C
0230 - 60 c8 ab 87 9b ab 82 49-38 fd b2 14 50 5c 84 17   `......I8...P\..
0240 - a6 c1 25 7a 3e af b3 cb-75 db c3 66 84 42 f9 3c   ..%z>...u..f.B.<
0250 - 36 b9 8a 36 ee b8 4d fd-d9 26 40 84 ae 5c b7 84   6..6..M..&@..\..
0260 - 60 a9 84 93 97 47 35 25-33 9b 89 cc a6 66 99 80   `....G5%3....f..
0270 - 6a 74 95 b6 c0 31 f8 98-81 57 55 dd 36 a9 47 14   jt...1...WU.6.G.
0280 - bf d7 62 13 23 b1 c6 df-a5 51 99 75 13 13 eb cb   ..b.#....Q.u....
0290 - 17 f9 3e e3 d9 71 84 67-06 54 e0 71 f7 3c 12 a1   ..>..q.g.T.q.<..
02a0 - 28 a2 c8 e7 66 31 95 2b-6a 91 a0 d6 ac aa 0a b1   (...f1.+j.......
02b0 - 67 4c e1 28 3e 07 a0 77-7b ca a5 a7 21 e3 bc 27   gL.(>..w{...!..'
02c0 - 97 bb cc 7a 64 73 c5 d5-96 a0 b1 65 15 c1 95 c1   ...zds.....e....
02d0 - b2 6f ef e9 06 00 3c ab-ba d6 18 e7 da 4b e8 67   .o....<......K.g
02e0 - 39 29 b1 9c 3f e6 b7 c0-fa 87 24 4b 6d bb 59 30   9)..?.....$Km.Y0
02f0 - f2 05 9a 85 c2 c9 00 2c-2a 76 85 89 01 0b 34 cd   .......,*v....4.
0300 - d9 2d 15 91 7f fe f6 1b-8b 3c 1a 78 8a 49 85 d7   .-.......<.x.I..
0310 - cb f3 b8 1e 8d c3 26 77-f1 9a 60 88 2a 10 aa b4   ......&w..`.*...
0320 - 89 96 8b 65 5c 92 b2 96-1f 1e d8 44 19 a5 39 14   ...e\......D..9.
0330 - 28 13 6e bb 29 51 38 ae-54 e7 3e b3 6a a0 03 c0   (.n.)Q8.T.>.j...
0340 - 71 a5 39 9a 30 61 1e 4f-3b 78 58 a0 36 fd e5 94   q.9.0a.O;xX.6...
0350 - ef 4a 94 3f 41 5a ea 39-23 bc 56 65 6c d9 8c a1   .J.?AZ.9#.Vel...
0360 - e3 c4 5f f5 7d 89 09 19-52 89 3a 76 db 64 ca 5a   .._.}...R.:v.d.Z
0370 - 20 bb d7 70 6e f1 7f ce-44 73 4b cc 4e 58 9a bc    ..pn...DsK.NX..
0380 - 89 3a 4b a8 91 4d eb b3-63 be d0 ca 41 4a a1 48   .:K..M..c...AJ.H
0390 - 48 25 74 28 1f b3 56 2b-1d 60 ab ea f5 1b f6 1b   H%t(..V+.`......
03a0 - 11 a1 75 65 f8 c3 78 ea-7b 1b d0 9b 36 47 53 69   ..ue..x.{...6GSi
03b0 - 97 e6 ab 51 d5 c1 68 78-97 a7 56 3b 21 62 5a 14   ...Q..hx..V;!bZ.
03c0 - ca c3 5c c8 cf 67 8a 29-48 0c 67 04 8b a7 55 a1   ..\..g.)H.g...U.
03d0 - 64 66 c3 96 cb 2c 4e d4-72 25 20 1c 15 7d 3b 99   df...,N.r% ..};.
03e0 - b4 0a 12 db 33 43 50 ec-0c 36 96 a6 26 ec 2d 9c   ....3CP..6..&.-.
03f0 - 99 92 6b b0 55 c0 a4 0e-83 b6 52 05 60 5c c1 c6   ..k.U.....R.`\..
0400 - 5c 5b 02 4c b9 c2 71 75-5a 82 40 12 a9 83 2b 25   \[.L..quZ.@...+%
0410 - 8e 67 85 a0 c7 43 95 05-47 7c b4 16 98 90 48 e3   .g...C..G|....H.
0420 - 76 2b 9a 73 b2 14 c2 ab-25 16 34 2a 63 70 88 70   v+.s....%.4*cp.p
0430 - 76 17 d3 99 0b f5 6d 7e-43 7e ab c1 b9 19 7c 11   v.....m~C~....|.
0440 - cf 64 5c bd 38 2f 34 67-2b 83 1a 77 c9 2b 2e 33   .d\.8/4g+..w.+.3
0450 - 4b c8 e2 bc 0b a9 82 5b-27 96 29 36 c0 1a 70 84   K......['.)6..p.
0460 - 84 2a 70 ae 09 23 87 a7-18 66 86 44 1d 1c 8a 2c   .*p..#...f.D...,
0470 - 24 72 1a 69 6a 02 e2 83-15 c7 a9 3a 07 9a 94 42   $r.ij......:...B
0480 - 16 10 89 64 6a f2 72 ae-31 34 85 fa bb 8b cf 83   ...dj.r.14......
0490 - b5 03 4c 2f d9 31 56 18-57 08 a7 cb 66 11 50 2d   ..L/.1V.W...f.P-
04a0 - f4 51 27 db f5 5d f8 61-3f f2 fa 9e 5f a8 be 6e   .Q'..].a?..._..n
04b0 - 2b a0 31 45 30 5f 4a 30-ec 91 96 40 ec 6b 1d 81   +.1E0_J0...@.k..
04c0 - 61 98 e0 30 c9 c9 86 ff-46 b7 a4 33 5d cf d0 7d   a..0....F..3]..}
04d0 - 0a 31 82 92 50 6f aa 91-49 57 cc c7 e2 c8 32 67   .1..Po..IW....2g
04e0 - 99 2a 8b 98 91 53 e7 16-fb 50 46 65 a1 a6 05 1b   .*...S...PFe....
04f0 - 71 9e 3a 38 e1 8c 8d 29-9a 3f 5d 87 87 64 b4 44   q.:8...).?]..d.D
0500 - 2f f7 7d 3c d1 c3 17 93-83 de 53 98 95 51 26 b3   /.}<......S..Q&.
0510 - 82 65 3f b5 86 c7 6b 3e-32 ec c8 61 e0 71 8a b4   .e?...k>2..a.q..
0520 - 90 aa 07 0c ec 5c b3 96-17 b2 16 42 92 d8 ba 14   .....\.....B....
0530 - c4 4b a3 5e e3 79 69 32-0b 67 bb 07 68 ac 2c 36   .K.^.yi2.g..h.,6
0540 - d0 76 b7 9a c5 a0 27 8d-3e f2 b8 1b f3 3b ae fa   .v....'.>....;..
0550 - 91 c5 64 b7 75 6b 92 7e-74 2f 6f 14 2b 71 14 a3   ..d.uk.~t/o.+q..
0560 - 50 7a 34 6d 1b 9b c3 93-25 c9 8c 42 31 84 61 33   Pz4m....%..B1.a3
0570 - 93 a2 c9 a6 81 01 9a 2a-78 23 23 4d 73 2a 03 51   .......*x##Ms*.Q
0580 - 35 1c 02 60 75 5a 61 fb-50 1e 60 b9 2f 97 c2 65   5..`uZa.P.`./..e
0590 - 26 55 15 66 81 38 ac 79-23 37 f7 8f 3c 78 a9 e7   &U.f.8.y#7..<x..
05a0 - 77 1b ff b5 28 0c 89 63-3d 88 42 f1 17 2f 34 68   w...(..c=.B../4h
05b0 - c0 e3 c6 51 5f db 1b ae-3a 95 3e 31 5e de 54 c5   ...Q_...:.>1^.T.
05c0 - 1a 57 a1 79 8b 92 a1 ca-65 50 47 44 e4 eb 61 5a   .W.y....ePGD..aZ
05d0 - cc 0f 16 99 90 44 89 49-af ee 6d 8c 4c 89 16 d1   .....D.I..m.L...
05e0 - 8a a1 66 d3 7f 48 7d 27-00 6f fe 2a 19 21 b1 6d   ..f..H}'.o.*.!.m
05f0 - 11 14                                             ..
read from 0x70bd065161c0 [0x70bd064ef9d3] (5 bytes => 5 (0x5))
0000 - 16 03 03 04 db                                    .....
<<< TLS 1.2, RecordHeader [length 0005]
    16 03 03 04 db
read from 0x70bd065161c0 [0x70bd064ef9d8] (1243 bytes => 1243 (0x4DB))
0000 - 02 00 04 d7 03 03 6c ac-28 e7 97 e5 dc dc 25 a4   ......l.(.....%.
0010 - 90 7c 95 68 97 52 6c 38-67 dd ee 90 36 e6 d3 12   .|.h.Rl8g...6...
0020 - 23 05 e8 98 e7 f8 20 2b-cf 96 24 27 8a b1 41 c0   #..... +..$'..A.
0030 - ec fc cb 28 5b ca 15 78-00 03 dc df b2 fb 36 2c   ...([..x......6,
0040 - e7 8d 30 82 58 eb 01 13-02 00 04 8f 00 2b 00 02   ..0.X........+..
0050 - 03 04 00 33 04 85 11 eb-04 81 04 25 ab f3 21 e4   ...3.......%..!.
0060 - 4f 4f d1 ae 64 47 3c ac-54 8b eb 14 2a 2c 50 f7   OO..dG<.T...*,P.
0070 - 79 54 52 4d a5 f0 9f 4f-7e 4d b5 08 e4 10 9e 14   yTRM...O~M......
0080 - 94 1f ac 89 1c 7f ae ed-22 52 c5 1b b2 f2 bd d8   ........"R......
0090 - 1a 7d 79 88 d6 cd 16 84-6e c7 a4 50 13 b4 54 54   .}y.....n..P..TT
00a0 - a6 88 ff c3 2e 57 e5 19-83 f6 a9 4c 10 8a a3 65   .....W.....L...e
00b0 - 1e bc 3b d1 7f 0b e8 07-44 2a 5d 7a 63 34 e3 83   ..;.....D*]zc4..
00c0 - 28 c4 cb 18 88 34 88 22-af f0 86 ea 5e e9 bf 68   (....4."....^..h
00d0 - 58 66 62 5f dc 3f e9 b6-0a ef 85 90 78 01 db ca   Xfb_.?......x...
00e0 - d7 b9 c2 b9 10 24 d2 27-a7 78 7e c3 4b 31 83 a3   .....$.'.x~.K1..
00f0 - ef bb dc 32 d5 ef 3d 47-f0 5c 05 16 1d 4e 5d df   ...2..=G.\...N].
0100 - 4a 5c eb 25 70 8b 47 93-eb f6 d0 99 35 36 9e e3   J\.%p.G.....56..
0110 - de d6 ff e6 a2 28 be 3d-ad ae e6 4d ce f1 3e b3   .....(.=...M..>.
0120 - e6 12 bf fa f5 0d e1 a8-f6 5a cf 0f 91 8b 9b 00   .........Z......
0130 - 90 22 0c 78 09 58 78 c4-d0 fb b3 fd 25 11 14 bd   .".x.Xx.....%...
0140 - 75 c7 b3 9e fe bc 1f 6f-f0 3d fa c3 ac 12 ef 92   u......o.=......
0150 - 1d 0c 24 66 e1 ed ec 53-7c 40 72 a7 dc b2 f0 fe   ..$f...S|@r.....
0160 - 01 4e 0c 80 a5 da 18 80-92 7e cd 0c 73 dc 61 3c   .N.......~..s.a<
0170 - 0c 2a 44 b2 2d 87 fa 63-93 80 c4 2a d8 80 f3 6b   .*D.-..c...*...k
0180 - 36 59 94 4b 5a f2 8e 50-91 54 96 ec 51 fa 68 36   6Y.KZ..P.T..Q.h6
0190 - d0 d4 33 ed 7f 95 a4 0c-e4 46 31 b6 30 5e da 19   ..3......F1.0^..
01a0 - 9f d8 d8 5c 23 8e 4a 20-65 d3 79 38 17 48 09 9d   ...\#.J e.y8.H..
01b0 - 5e 42 35 7a dd 1d 2c 57-4f 51 27 b8 ad 1c d2 3e   ^B5z..,WOQ'....>
01c0 - e4 3c bb f0 17 22 0f 92-69 39 9c f8 30 bb 84 63   .<..."..i9..0..c
01d0 - 70 72 09 71 04 8f 45 a3-f8 18 d7 ea 33 9f 85 52   pr.q..E.....3..R
01e0 - ff b3 85 f3 eb 2b a3 9c-df 21 87 9f 1a a5 ac b8   .....+...!......
01f0 - a2 b1 d5 9c bd a0 41 58-1a 2a bf e0 35 de 2b 5b   ......AX.*..5.+[
0200 - 1f ad 95 18 6b 22 17 95-2d 1b 8a 1a 34 89 8f ef   ....k"..-...4...
0210 - 53 4c d0 4f b7 2d ff 7b-0d 44 70 0b 5c 98 08 eb   SL.O.-.{.Dp.\...
0220 - 2e fd 96 b8 ff fb c1 09-60 2e af 51 8f 10 57 a8   ........`..Q..W.
0230 - 84 46 f5 e4 a8 52 64 bf-fc 8c ff ca 00 4f a0 76   .F...Rd......O.v
0240 - a0 7c 19 19 03 04 12 13-31 47 e3 e8 fb 38 26 b3   .|......1G...8&.
0250 - a6 88 8c 74 6a 09 b3 c8-e1 fa 7c bc ed ec 9e de   ...tj.....|.....
0260 - bc 8d f5 d8 50 a8 c8 90-d4 65 00 91 95 46 cb 7f   ....P....e...F..
0270 - f5 9d 4a c6 2c 60 86 c7-7e 03 65 7e cb 91 4f f7   ..J.,`..~.e~..O.
0280 - d8 3e 5b 48 ac da 05 a5-10 29 5d 65 eb 5c 65 2d   .>[H.....)]e.\e-
0290 - 7c ca 6f 74 d5 fd dc 40-5f 3b 16 d0 94 55 09 6d   |.ot...@_;...U.m
02a0 - ea 57 62 cd 93 92 ca be-62 56 2b 48 49 c7 13 5f   .Wb.....bV+HI.._
02b0 - c0 66 81 cc e3 f7 63 e0-12 6d 0f 94 67 88 e8 43   .f....c..m..g..C
02c0 - 64 2b 56 12 aa c6 4a df-66 1e e0 d6 8a a2 1c c2   d+V...J.f.......
02d0 - f5 2b b3 61 2b 87 7e 4a-0b 6a 14 36 9b ce 9e 5e   .+.a+.~J.j.6...^
02e0 - f8 38 7c 6d 54 c9 38 14-c0 8d ad 20 74 c5 00 ff   .8|mT.8.... t...
02f0 - 36 f4 a3 a4 31 b7 17 7d-24 0d 7c 35 2a d2 81 80   6...1..}$.|5*...
0300 - fe d1 77 cb 97 d8 c5 e8-b5 ac 0a 5f 25 b2 35 5b   ..w........_%.5[
0310 - 51 08 5d c3 88 48 0b 0f-c8 b3 08 96 64 fc 11 d0   Q.]..H......d...
0320 - 53 c8 f1 2e 06 a7 65 80-88 f8 0b 92 c8 7b 40 ca   S.....e......{@.
0330 - 53 f7 1c db 63 6b 21 19-ea 42 08 f0 e3 b0 bc 94   S...ck!..B......
0340 - 3a 89 ba 06 4d dd c2 d4-08 07 3f 36 be fd 19 12   :...M.....?6....
0350 - ab 4b ec 08 75 6a d0 d2-c3 79 31 89 cd 31 7a db   .K..uj...y1..1z.
0360 - 68 52 f2 83 ce 10 e8 22-1c 97 30 88 1d 4b 47 dd   hR....."..0..KG.
0370 - 7a ac 31 9b 52 d7 91 3d-4a b8 52 9a 52 d6 7b 67   z.1.R..=J.R.R.{g
0380 - 5f cc 93 50 46 ae 18 94-23 31 a8 50 39 c7 1e ff   _..PF...#1.P9...
0390 - be f8 a6 d9 ac 90 e7 a8-04 9a 20 c4 0b 55 2a 73   .......... ..U*s
03a0 - 83 6b e5 44 b9 5c e5 8e-7c 96 14 50 57 8d 16 5e   .k.D.\..|..PW..^
03b0 - 0b 6b 15 98 10 86 19 e1-ae f4 c3 36 5e 1c 01 b5   .k.........6^...
03c0 - 1f f5 f8 4c 39 ce 5a 9e-6c 3e 34 97 cd 7b 1b eb   ...L9.Z.l>4..{..
03d0 - 85 b3 1c 0a 08 15 fe c4-58 38 af a1 fb ee 2b d8   ........X8....+.
03e0 - 4f f1 05 0b 0f 51 89 89-88 45 f3 21 8b 27 8f 0b   O....Q...E.!.'..
03f0 - da 7e b8 c9 76 e3 95 87-7a f5 90 1d 4d 94 16 67   .~..v...z...M..g
0400 - ef 75 cf 66 6b cf 4e db-51 5a 17 11 8c 50 b1 3a   .u.fk.N.QZ...P.:
0410 - 71 1e be 85 89 03 d9 a5-2b 33 95 9f 5f 76 ba 9c   q.......+3.._v..
0420 - ed dd fb 2f 3f c6 32 1e-af 51 f3 5e 15 ee b9 16   .../?.2..Q.^....
0430 - cf a1 62 37 1b 1a 7c 83-36 b7 f5 0d c9 88 0d cd   ..b7..|.6.......
0440 - 81 f2 e9 9a 6a 72 14 2e-96 d7 42 2f d6 6f a4 96   ....jr....B/.o..
0450 - 23 c0 3e 4f 5b 6b fe 5f-eb 90 40 f7 3f 1d 15 46   #.>O[k._..@.?..F
0460 - 51 f1 57 dd 41 9f 84 f9-d3 99 95 03 f7 65 89 ee   Q.W.A........e..
0470 - 18 2a 70 21 91 32 6e 2f-0d d6 a7 0d 0c c4 88 7c   .*p!.2n/.......|
0480 - d0 58 90 20 e4 85 5f 84-1e 9c 60 30 72 7c 54 24   .X. .._...`0r|T$
0490 - e5 30 f2 88 0a a0 92 8f-e3 89 8e ca f9 17 3d 6e   .0............=n
04a0 - 1f 67 af 54 7b ec 11 fe-10 ad dc 50 86 1f 07 be   .g.T{......P....
04b0 - 16 c4 83 fc ce 86 8e d3-ff 72 7c 4b 26 d5 a4 40   .........r|K&..@
04c0 - 89 22 c4 fa 94 8c f7 ad-22 bd 79 94 1f a5 df 32   ."......".y....2
04d0 - 9f 83 0a c1 d5 5a b3 1a-11 a7 8c                  .....Z.....
<<< TLS 1.3, Handshake [length 04db], ServerHello
    02 00 04 d7 03 03 6c ac 28 e7 97 e5 dc dc 25 a4
    90 7c 95 68 97 52 6c 38 67 dd ee 90 36 e6 d3 12
    23 05 e8 98 e7 f8 20 2b cf 96 24 27 8a b1 41 c0
    ec fc cb 28 5b ca 15 78 00 03 dc df b2 fb 36 2c
    e7 8d 30 82 58 eb 01 13 02 00 04 8f 00 2b 00 02
    03 04 00 33 04 85 11 eb 04 81 04 25 ab f3 21 e4
    4f 4f d1 ae 64 47 3c ac 54 8b eb 14 2a 2c 50 f7
    79 54 52 4d a5 f0 9f 4f 7e 4d b5 08 e4 10 9e 14
    94 1f ac 89 1c 7f ae ed 22 52 c5 1b b2 f2 bd d8
    1a 7d 79 88 d6 cd 16 84 6e c7 a4 50 13 b4 54 54
    a6 88 ff c3 2e 57 e5 19 83 f6 a9 4c 10 8a a3 65
    1e bc 3b d1 7f 0b e8 07 44 2a 5d 7a 63 34 e3 83
    28 c4 cb 18 88 34 88 22 af f0 86 ea 5e e9 bf 68
    58 66 62 5f dc 3f e9 b6 0a ef 85 90 78 01 db ca
    d7 b9 c2 b9 10 24 d2 27 a7 78 7e c3 4b 31 83 a3
    ef bb dc 32 d5 ef 3d 47 f0 5c 05 16 1d 4e 5d df
    4a 5c eb 25 70 8b 47 93 eb f6 d0 99 35 36 9e e3
    de d6 ff e6 a2 28 be 3d ad ae e6 4d ce f1 3e b3
    e6 12 bf fa f5 0d e1 a8 f6 5a cf 0f 91 8b 9b 00
    90 22 0c 78 09 58 78 c4 d0 fb b3 fd 25 11 14 bd
    75 c7 b3 9e fe bc 1f 6f f0 3d fa c3 ac 12 ef 92
    1d 0c 24 66 e1 ed ec 53 7c 40 72 a7 dc b2 f0 fe
    01 4e 0c 80 a5 da 18 80 92 7e cd 0c 73 dc 61 3c
    0c 2a 44 b2 2d 87 fa 63 93 80 c4 2a d8 80 f3 6b
    36 59 94 4b 5a f2 8e 50 91 54 96 ec 51 fa 68 36
    d0 d4 33 ed 7f 95 a4 0c e4 46 31 b6 30 5e da 19
    9f d8 d8 5c 23 8e 4a 20 65 d3 79 38 17 48 09 9d
    5e 42 35 7a dd 1d 2c 57 4f 51 27 b8 ad 1c d2 3e
    e4 3c bb f0 17 22 0f 92 69 39 9c f8 30 bb 84 63
    70 72 09 71 04 8f 45 a3 f8 18 d7 ea 33 9f 85 52
    ff b3 85 f3 eb 2b a3 9c df 21 87 9f 1a a5 ac b8
    a2 b1 d5 9c bd a0 41 58 1a 2a bf e0 35 de 2b 5b
    1f ad 95 18 6b 22 17 95 2d 1b 8a 1a 34 89 8f ef
    53 4c d0 4f b7 2d ff 7b 0d 44 70 0b 5c 98 08 eb
    2e fd 96 b8 ff fb c1 09 60 2e af 51 8f 10 57 a8
    84 46 f5 e4 a8 52 64 bf fc 8c ff ca 00 4f a0 76
    a0 7c 19 19 03 04 12 13 31 47 e3 e8 fb 38 26 b3
    a6 88 8c 74 6a 09 b3 c8 e1 fa 7c bc ed ec 9e de
    bc 8d f5 d8 50 a8 c8 90 d4 65 00 91 95 46 cb 7f
    f5 9d 4a c6 2c 60 86 c7 7e 03 65 7e cb 91 4f f7
    d8 3e 5b 48 ac da 05 a5 10 29 5d 65 eb 5c 65 2d
    7c ca 6f 74 d5 fd dc 40 5f 3b 16 d0 94 55 09 6d
    ea 57 62 cd 93 92 ca be 62 56 2b 48 49 c7 13 5f
    c0 66 81 cc e3 f7 63 e0 12 6d 0f 94 67 88 e8 43
    64 2b 56 12 aa c6 4a df 66 1e e0 d6 8a a2 1c c2
    f5 2b b3 61 2b 87 7e 4a 0b 6a 14 36 9b ce 9e 5e
    f8 38 7c 6d 54 c9 38 14 c0 8d ad 20 74 c5 00 ff
    36 f4 a3 a4 31 b7 17 7d 24 0d 7c 35 2a d2 81 80
    fe d1 77 cb 97 d8 c5 e8 b5 ac 0a 5f 25 b2 35 5b
    51 08 5d c3 88 48 0b 0f c8 b3 08 96 64 fc 11 d0
    53 c8 f1 2e 06 a7 65 80 88 f8 0b 92 c8 7b 40 ca
    53 f7 1c db 63 6b 21 19 ea 42 08 f0 e3 b0 bc 94
    3a 89 ba 06 4d dd c2 d4 08 07 3f 36 be fd 19 12
    ab 4b ec 08 75 6a d0 d2 c3 79 31 89 cd 31 7a db
    68 52 f2 83 ce 10 e8 22 1c 97 30 88 1d 4b 47 dd
    7a ac 31 9b 52 d7 91 3d 4a b8 52 9a 52 d6 7b 67
    5f cc 93 50 46 ae 18 94 23 31 a8 50 39 c7 1e ff
    be f8 a6 d9 ac 90 e7 a8 04 9a 20 c4 0b 55 2a 73
    83 6b e5 44 b9 5c e5 8e 7c 96 14 50 57 8d 16 5e
    0b 6b 15 98 10 86 19 e1 ae f4 c3 36 5e 1c 01 b5
    1f f5 f8 4c 39 ce 5a 9e 6c 3e 34 97 cd 7b 1b eb
    85 b3 1c 0a 08 15 fe c4 58 38 af a1 fb ee 2b d8
    4f f1 05 0b 0f 51 89 89 88 45 f3 21 8b 27 8f 0b
    da 7e b8 c9 76 e3 95 87 7a f5 90 1d 4d 94 16 67
    ef 75 cf 66 6b cf 4e db 51 5a 17 11 8c 50 b1 3a
    71 1e be 85 89 03 d9 a5 2b 33 95 9f 5f 76 ba 9c
    ed dd fb 2f 3f c6 32 1e af 51 f3 5e 15 ee b9 16
    cf a1 62 37 1b 1a 7c 83 36 b7 f5 0d c9 88 0d cd
    81 f2 e9 9a 6a 72 14 2e 96 d7 42 2f d6 6f a4 96
    23 c0 3e 4f 5b 6b fe 5f eb 90 40 f7 3f 1d 15 46
    51 f1 57 dd 41 9f 84 f9 d3 99 95 03 f7 65 89 ee
    18 2a 70 21 91 32 6e 2f 0d d6 a7 0d 0c c4 88 7c
    d0 58 90 20 e4 85 5f 84 1e 9c 60 30 72 7c 54 24
    e5 30 f2 88 0a a0 92 8f e3 89 8e ca f9 17 3d 6e
    1f 67 af 54 7b ec 11 fe 10 ad dc 50 86 1f 07 be
    16 c4 83 fc ce 86 8e d3 ff 72 7c 4b 26 d5 a4 40
    89 22 c4 fa 94 8c f7 ad 22 bd 79 94 1f a5 df 32
    9f 83 0a c1 d5 5a b3 1a 11 a7 8c
read from 0x70bd065161c0 [0x70bd064efab3] (5 bytes => 5 (0x5))
0000 - 14 03 03 00 01                                    .....
<<< TLS 1.2, RecordHeader [length 0005]
    14 03 03 00 01
read from 0x70bd065161c0 [0x70bd064efab8] (1 bytes => 1 (0x1))
0000 - 01                                                .
<<< TLS 1.3, ChangeCipherSpec [length 0001]
    01
read from 0x70bd065161c0 [0x70bd064efab3] (5 bytes => 5 (0x5))
0000 - 17 03 03 00 17                                    .....
<<< TLS 1.2, RecordHeader [length 0005]
    17 03 03 00 17
read from 0x70bd065161c0 [0x70bd064efab8] (23 bytes => 23 (0x17))
0000 - 31 b9 e8 83 59 30 4e 5c-56 aa ff b7 f1 e8 e7 68   1...Y0N\V......h
0010 - 1c d5 10 2a 85 9c 20                              ...*.. 
<<< TLS 1.3, InnerContent [length 0001]
    16
<<< TLS 1.3, Handshake [length 0006], EncryptedExtensions
    08 00 00 02 00 00
Can't use SSL_get_servername
read from 0x70bd065161c0 [0x70bd064efab3] (5 bytes => 5 (0x5))
0000 - 17 03 03 01 c4                                    .....
<<< TLS 1.2, RecordHeader [length 0005]
    17 03 03 01 c4
read from 0x70bd065161c0 [0x70bd064efab8] (452 bytes => 452 (0x1C4))
0000 - fc 44 99 35 39 7b 58 72-5e 62 5f 5b 59 a7 61 c0   .D.59{Xr^b_[Y.a.
0010 - 87 f9 40 37 8e 7d 0a 87-e8 d0 d5 76 1b 5d d4 f1   ..@7.}.....v.]..
0020 - c3 3f 40 02 0c d6 bf 53-37 18 91 d0 86 46 90 be   .?@....S7....F..
0030 - a8 f7 dd 9b 7f ac 1a d0-a9 df 6d 4a e1 03 6d 69   ..........mJ..mi
0040 - 16 f7 e9 54 fa b8 75 82-cd b2 03 1f 61 c7 e2 de   ...T..u.....a...
0050 - f6 d7 6c 87 09 40 9e 55-e0 9f 2d fc bb 65 da 1e   ..l..@.U..-..e..
0060 - c8 a2 62 00 dc 2d 93 3f-da a7 9c c7 82 17 ac 74   ..b..-.?.......t
0070 - b5 ef ef d7 34 47 53 0c-69 98 6c af 5e 35 c9 fb   ....4GS.i.l.^5..
0080 - b4 b2 2d e9 34 ab 54 0c-70 29 8f 2b 7c a9 21 41   ..-.4.T.p).+|.!A
0090 - 94 fe d4 80 58 2d e5 e5-8d 60 af f7 d1 3e 56 ed   ....X-...`...>V.
00a0 - a4 bc 48 c7 c3 d7 14 a8-42 ef b3 fb 8d c5 9d 4e   ..H.....B......N
00b0 - 9d 5d 11 41 03 8e 90 cb-1c bd 0b ab d6 01 a7 a6   .].A............
00c0 - ed 2d 86 05 a6 14 77 f0-e3 cc 5f e0 54 03 62 f5   .-....w..._.T.b.
00d0 - fe 14 e6 2a db 45 b9 01-a3 79 49 46 8c 45 7f ee   ...*.E...yIF.E..
00e0 - 8f f8 1b 9f 1c 72 8b 6f-73 37 30 a9 55 28 fc d1   .....r.os70.U(..
00f0 - db ea 35 75 88 77 fc 4d-91 20 82 81 13 8a 11 44   ..5u.w.M. .....D
0100 - 54 e5 f9 08 8f 5a 9a 79-a6 33 58 33 bb f9 aa 55   T....Z.y.3X3...U
0110 - b7 f7 97 c8 9e 3a a2 4e-65 7d 17 fe ef 1c 85 67   .....:.Ne}.....g
0120 - cf 96 3e a6 5b 1f 4c e9-59 b0 a7 6c e2 c5 21 94   ..>.[.L.Y..l..!.
0130 - 7c 19 77 91 d3 c1 50 6d-a5 50 2d d0 18 dd 83 4a   |.w...Pm.P-....J
0140 - 2b 73 5a 7f 09 a3 b0 da-a9 67 ee 3c 83 dd 4c a1   +sZ......g.<..L.
0150 - ca c2 8c 86 dc 22 8c 30-f1 a6 62 1f 21 83 18 fb   .....".0..b.!...
0160 - f7 7d 3b ca 7f dd 37 b9-7c 98 cc ca de 7d 05 be   .};...7.|....}..
0170 - fd 64 1b ab 87 cc d0 df-24 3c 4c 40 84 03 93 37   .d......$<L@...7
0180 - 93 7f b3 48 b3 b9 dd e4-68 54 3e 6b b1 cd 7c 21   ...H....hT>k..|!
0190 - 75 77 bb 1a c3 38 97 4b-f9 76 0c 58 a1 bd dd 92   uw...8.K.v.X....
01a0 - 72 9f 1e 2e b0 7c b8 07-4b e1 d3 23 68 39 90 f9   r....|..K..#h9..
01b0 - 5c 71 ae f0 d0 88 aa a4-01 ba 3f f3 6a 45 35 7b   \q........?.jE5{
01c0 - 9a 42 2d d0                                       .B-.
<<< TLS 1.3, InnerContent [length 0001]
    16
<<< TLS 1.3, Handshake [length 01b3], Certificate
    0b 00 01 af 00 00 01 ab 00 01 a6 30 82 01 a2 30
    82 01 47 a0 03 02 01 02 02 14 47 02 2e 03 a2 39
    72 0f 1c 25 1e b5 62 1c 1f a9 a2 21 21 8d 30 0a
    06 08 2a 86 48 ce 3d 04 03 02 30 26 31 24 30 22
    06 03 55 04 03 0c 1b 70 71 63 2d 67 61 74 65 77
    61 79 2e 6d 6f 63 6b 63 6c 6f 75 64 2e 6c 6f 63
    61 6c 30 1e 17 0d 32 36 30 36 31 30 31 38 33 34
    33 37 5a 17 0d 32 37 30 36 31 30 31 38 33 34 33
    37 5a 30 26 31 24 30 22 06 03 55 04 03 0c 1b 70
    71 63 2d 67 61 74 65 77 61 79 2e 6d 6f 63 6b 63
    6c 6f 75 64 2e 6c 6f 63 61 6c 30 59 30 13 06 07
    2a 86 48 ce 3d 02 01 06 08 2a 86 48 ce 3d 03 01
    07 03 42 00 04 0f a7 c5 ee 6f e5 ac c0 88 3c 71
    ca 83 eb 2f d0 87 9a 76 58 4b be 76 c8 24 05 39
    03 41 c5 dc 05 00 c5 22 d1 a9 03 a9 26 ad bb 39
    0d af 05 df 66 06 47 07 09 6e 7a 64 b5 38 f3 8c
    51 8d a4 30 a6 a3 53 30 51 30 1d 06 03 55 1d 0e
    04 16 04 14 76 60 64 8d d8 82 d0 a8 8b f1 64 84
    60 0f a5 f5 aa cc 88 c5 30 1f 06 03 55 1d 23 04
    18 30 16 80 14 76 60 64 8d d8 82 d0 a8 8b f1 64
    84 60 0f a5 f5 aa cc 88 c5 30 0f 06 03 55 1d 13
    01 01 ff 04 05 30 03 01 01 ff 30 0a 06 08 2a 86
    48 ce 3d 04 03 02 03 49 00 30 46 02 21 00 e2 62
    b0 cf 2f 89 53 64 0b 32 a1 ee 61 4c 56 0f 07 42
    63 e1 d7 20 68 2f ab 8f 5f 8d c1 26 7d 83 02 21
    00 ea 68 ac 86 6e ca de 6e 28 7f 3d 44 64 f2 a3
    4e 1b 9e 15 43 10 3d 18 a6 9b d3 50 a4 c0 10 9b
    9f 00 00
depth=0 CN=pqc-gateway.mockcloud.local
verify error:num=18:self-signed certificate
verify return:1
depth=0 CN=pqc-gateway.mockcloud.local
verify return:1
read from 0x70bd065161c0 [0x70bd064efab3] (5 bytes => 5 (0x5))
0000 - 17 03 03 00 60                                    ....`
<<< TLS 1.2, RecordHeader [length 0005]
    17 03 03 00 60
read from 0x70bd065161c0 [0x70bd064efab8] (96 bytes => 96 (0x60))
0000 - 32 92 77 5e 57 b4 b7 c8-c6 b4 08 f2 2c 8a 89 e4   2.w^W.......,...
0010 - 55 d5 09 26 be a8 19 c1-1d 60 ab d2 e5 a5 0f 35   U..&.....`.....5
0020 - e8 60 47 4e be ae 5c 52-b8 6e 4b 69 67 47 25 11   .`GN..\R.nKigG%.
0030 - b0 74 d6 5c 13 ae 85 f0-6f 9e f9 4a 02 b3 cb 7f   .t.\....o..J....
0040 - 73 97 f9 a1 bd 1f b5 bb-6f c8 dc f8 98 82 46 3c   s.......o.....F<
0050 - 1c 26 dd c9 93 23 6d d2-2a 67 6e 12 7d da 57 16   .&...#m.*gn.}.W.
<<< TLS 1.3, InnerContent [length 0001]
    16
<<< TLS 1.3, Handshake [length 004f], CertificateVerify
    0f 00 00 4b 04 03 00 47 30 45 02 21 00 aa 17 ae
    76 c6 a5 39 3e 1c 65 bd 13 53 41 29 a9 20 81 15
    00 cf 4e 6b 0f 02 08 29 1c 64 e8 4c 98 02 20 72
    23 f6 e2 86 f0 97 d5 17 bf 45 09 f4 ef d9 7e e3
    ca f7 df c7 67 f9 d4 81 97 ed dd 36 9f b0 b2
read from 0x70bd065161c0 [0x70bd064efab3] (5 bytes => 5 (0x5))
0000 - 17 03 03 00 45                                    ....E
<<< TLS 1.2, RecordHeader [length 0005]
    17 03 03 00 45
read from 0x70bd065161c0 [0x70bd064efab8] (69 bytes => 69 (0x45))
0000 - a6 54 29 3b 64 9e ef 37-cc 74 b1 05 ab 51 5e 9f   .T);d..7.t...Q^.
0010 - 8f 49 97 2b 4c 1a 58 ea-19 a8 cf 8e ca 5b 7b c2   .I.+L.X......[{.
0020 - c2 df cf 10 c3 cb 96 43-96 38 9f 69 9d a1 65 87   .......C.8.i..e.
0030 - e9 cc 64 a7 c0 53 b4 47-38 a5 62 79 d0 07 ff 4d   ..d..S.G8.by...M
0040 - 9b 03 be 4a 7f                                    ...J.
<<< TLS 1.3, InnerContent [length 0001]
    16
<<< TLS 1.3, Handshake [length 0034], Finished
    14 00 00 30 d5 44 a6 d1 23 79 6a 44 3b 92 d3 b4
    21 f2 af b5 e8 21 64 bd f8 24 94 33 86 70 5e 7e
    b3 bb 8e 17 d1 8c 96 62 ed 58 52 ef 6c 2d bd fe
    7c 9d 5c 50
>>> TLS 1.2, RecordHeader [length 0005]
    14 03 03 00 01
>>> TLS 1.3, ChangeCipherSpec [length 0001]
    01
>>> TLS 1.2, RecordHeader [length 0005]
    17 03 03 00 45
>>> TLS 1.2, InnerContent [length 0001]
    16
>>> TLS 1.3, Handshake [length 0034], Finished
    14 00 00 30 d1 d7 69 a1 2f 2d eb 08 2c 93 7d 49
    0a 13 c7 4c c7 db 4b da 28 60 18 74 b9 bf de 9f
    c4 77 f9 c7 9d 16 a6 ca b4 18 d8 f8 c1 ed 25 af
    05 d9 90 a7
write to 0x70bd065161c0 [0x70bd064fd180] (80 bytes => 80 (0x50))
0000 - 14 03 03 00 01 01 17 03-03 00 45 cb 79 64 c5 20   ..........E.yd. 
0010 - 90 6a a5 f0 f6 8f de f5-16 cb f5 91 4a 76 55 6c   .j..........JvUl
0020 - 36 6c e0 f8 dd 86 64 22-04 59 a6 97 1f 29 8d ae   6l....d".Y...)..
0030 - e4 ce e0 be 3a 19 30 cf-f4 b1 e9 f7 13 db a8 22   ....:.0........"
0040 - 00 d8 0a 4d dc 6e d1 1b-f3 e7 6b 53 c1 29 0c df   ...M.n....kS.)..
---
Certificate chain
 0 s:CN=pqc-gateway.mockcloud.local
   i:CN=pqc-gateway.mockcloud.local
   a:PKEY: EC, (prime256v1); sigalg: ecdsa-with-SHA256
   v:NotBefore: Jun 10 18:34:37 2026 GMT; NotAfter: Jun 10 18:34:37 2027 GMT
---
Server certificate
-----BEGIN CERTIFICATE-----
MIIBojCCAUegAwIBAgIURwIuA6I5cg8cJR61YhwfqaIhIY0wCgYIKoZIzj0EAwIw
JjEkMCIGA1UEAwwbcHFjLWdhdGV3YXkubW9ja2Nsb3VkLmxvY2FsMB4XDTI2MDYx
MDE4MzQzN1oXDTI3MDYxMDE4MzQzN1owJjEkMCIGA1UEAwwbcHFjLWdhdGV3YXku
bW9ja2Nsb3VkLmxvY2FsMFkwEwYHKoZIzj0CAQYIKoZIzj0DAQcDQgAED6fF7m/l
rMCIPHHKg+sv0IeadlhLvnbIJAU5A0HF3AUAxSLRqQOpJq27OQ2vBd9mBkcHCW56
ZLU484xRjaQwpqNTMFEwHQYDVR0OBBYEFHZgZI3YgtCoi/FkhGAPpfWqzIjFMB8G
A1UdIwQYMBaAFHZgZI3YgtCoi/FkhGAPpfWqzIjFMA8GA1UdEwEB/wQFMAMBAf8w
CgYIKoZIzj0EAwIDSQAwRgIhAOJisM8viVNkCzKh7mFMVg8HQmPh1yBoL6uPX43B
Jn2DAiEA6mishm7K3m4ofz1EZPKjThueFUMQPRimm9NQpMAQm58=
-----END CERTIFICATE-----
subject=CN=pqc-gateway.mockcloud.local
issuer=CN=pqc-gateway.mockcloud.local
---
No client certificate CA names sent
Peer signing digest: SHA256
Peer signature type: ecdsa_secp256r1_sha256
Negotiated TLS1.3 group: SecP256r1MLKEM768
---
SSL handshake has read 1914 bytes and written 1602 bytes
Verification error: self-signed certificate
---
New, TLSv1.3, Cipher is TLS_AES_256_GCM_SHA384
Protocol: TLSv1.3
Server public key is 256 bit
This TLS version forbids renegotiation.
Compression: NONE
Expansion: NONE
No ALPN negotiated
Early data was not sent
Verify return code: 18 (self-signed certificate)
---
>>> TLS 1.2, RecordHeader [length 0005]
    17 03 03 00 23
>>> TLS 1.2, InnerContent [length 0001]
    17
DONE
write to 0x70bd065161c0 [0x70bd06502cb3] (40 bytes => 40 (0x28))
0000 - 17 03 03 00 23 9c 47 08-1f 00 65 d5 02 08 e5 0d   ....#.G...e.....
0010 - 0a 26 89 5f ca be fe c0-2c 6e ae 6f 75 31 42 0a   .&._....,n.ou1B.
0020 - bf e6 47 8c 32 ef 02 05-                          ..G.2...
>>> TLS 1.2, RecordHeader [length 0005]
    17 03 03 00 13
>>> TLS 1.2, InnerContent [length 0001]
    15
write to 0x70bd065161c0 [0x70bd06502cb3] (24 bytes => 24 (0x18))
0000 - 17 03 03 00 13 9c 70 da-3c b9 a6 7f 80 81 e9 9d   ......p.<.......
0010 - 98 fa 00 45 97 b9 03 81-                          ...E....
>>> TLS 1.3, Alert [length 0002], warning close_notify
    01 00
read from 0x70bd065161c0 [0x70bd065a1230] (16384 bytes => 255 (0xFF))
0000 - 17 03 03 00 fa 34 d1 dd-34 bc c8 95 41 7f c7 4d   .....4..4...A..M
0010 - 5c ac 28 9f 4a e2 3e 34-a0 23 d2 59 ca e6 f7 3b   \.(.J.>4.#.Y...;
0020 - 22 99 7a bb 2f de 33 51-31 c8 1f 8c e9 c7 82 dc   ".z./.3Q1.......
0030 - b0 99 4a 1a 64 f4 92 d5-cd 23 75 f5 79 77 53 19   ..J.d....#u.ywS.
0040 - de 92 5e 34 a2 ee c8 1e-c3 41 21 c7 61 d4 8f e9   ..^4.....A!.a...
0050 - c1 a3 b5 d9 82 fd f1 81-7a be 37 f8 68 8d 17 f5   ........z.7.h...
0060 - ff e1 fe df f0 75 fa af-5d 46 01 23 70 07 7f 7c   .....u..]F.#p..|
0070 - ef de d9 ba b2 77 13 ec-29 fe 07 db 35 18 f1 b7   .....w..)...5...
0080 - d2 45 9a fa 54 bc ca 31-28 85 fe 56 49 70 42 07   .E..T..1(..VIpB.
0090 - af 01 8f ec 45 43 2d 5d-5e ad 2b 29 93 61 0b 34   ....EC-]^.+).a.4
00a0 - d4 7e b7 12 3b ad 7f fe-a0 cc d9 91 78 f5 2e 9e   .~..;.......x...
00b0 - 0e 2e f1 1a 5b 58 55 35-da 06 a0 1c eb a2 d0 9e   ....[XU5........
00c0 - f2 3f 4a 76 b5 a9 2d e3-e1 39 02 eb 25 ed 4f 97   .?Jv..-..9..%.O.
00d0 - e2 06 62 8f 14 7d b7 4b-30 a7 ba 9b 6d b5 64 fe   ..b..}.K0...m.d.
00e0 - 39 1b 50 0b 92 3e 9c 74-25 0e d2 62 34 ea 39 6a   9.P..>.t%..b4.9j
00f0 - 9d 76 53 10 19 c0 79 71-fa 10 55 39 2d d8 72      .vS...yq..U9-.r
read from 0x70bd065161c0 [0x70bd065a1230] (16384 bytes => 255 (0xFF))
0000 - 17 03 03 00 fa 02 52 06-05 32 75 c7 60 82 72 54   ......R..2u.`.rT
0010 - c9 37 76 f7 b6 20 d6 7d-86 69 d1 b5 2f 7c 0a 67   .7v.. .}.i../|.g
0020 - 23 40 34 eb bb 85 87 0d-6d f4 92 3a 88 4d 17 b1   #@4.....m..:.M..
0030 - 54 10 76 92 5b 88 57 f6-1a 53 97 91 1b 23 cc eb   T.v.[.W..S...#..
0040 - 8a ea d6 dc 1e 2d d4 8c-c3 f5 6b 53 d8 81 88 e8   .....-....kS....
0050 - bc 24 d6 9e a5 ca e2 ac-19 cd 99 27 ef 59 d0 45   .$.........'.Y.E
0060 - 4b bb 18 f0 6b 81 a3 a7-9c 28 bb e1 90 d0 f7 e0   K...k....(......
0070 - 3b a2 58 3d 75 71 b7 db-05 d8 97 15 36 bd 01 ef   ;.X=uq......6...
0080 - 50 40 be 40 57 65 03 b0-63 84 53 75 5c ba 33 5e   P@.@We..c.Su\.3^
0090 - ea fc 7a 7a 9f 8b f6 b2-4c 8a a7 53 fb 22 01 65   ..zz....L..S.".e
00a0 - c5 9f e1 79 c2 9a ad 08-13 0e 9d e7 f3 46 1b 58   ...y.........F.X
00b0 - c5 d4 a6 1b 9f 99 11 2e-c9 66 c1 77 6a b8 16 05   .........f.wj...
00c0 - c9 8e 44 74 0c 44 de 5e-bf 03 ee ee 96 ec ed ad   ..Dt.D.^........
00d0 - 20 c2 56 29 c6 66 52 19-b4 12 04 4b 9c 5c 21 7c    .V).fR....K.\!|
00e0 - 3c a5 e0 57 77 c0 18 eb-56 ee ee 38 2e a3 5e 2c   <..Ww...V..8..^,
00f0 - 26 a2 7f b5 69 94 a2 7f-41 f5 e2 e8 f2 10 c9      &...i...A......
read from 0x70bd065161c0 [0x70bd065a1230] (16384 bytes => 6191 (0x182F))
0000 - 17 03 03 18 12 3e 0f 94-f3 21 87 88 76 94 b9 d8   .....>...!..v...
0010 - b9 fd 82 fd 59 38 21 df-e3 ef 36 1e 6e f6 70 16   ....Y8!...6.n.p.
0020 - 81 bf 95 f5 8c 21 ea 1b-27 65 e6 1c 7f 32 f9 af   .....!..'e...2..
0030 - 03 af ae f5 48 0a 88 fb-8a 3e 45 b6 3b fd c4 e1   ....H....>E.;...
0040 - 57 69 eb 5b c9 19 fe 9c-9c ed 04 cb 0c fb 73 89   Wi.[..........s.
0050 - 79 04 3d 2e 24 3a 0d 26-73 cb 3b e4 ed e0 d2 b1   y.=.$:.&s.;.....
0060 - d6 2c e7 81 5e 23 08 db-0b 80 3b b0 33 e9 e4 db   .,..^#....;.3...
0070 - 11 62 8f 63 d4 33 53 25-b1 f9 e4 b7 e6 6a 3b 56   .b.c.3S%.....j;V
0080 - f0 20 50 f7 87 c1 8e 3c-4d fd 63 6a 1b 32 84 80   . P....<M.cj.2..
0090 - f9 7c 6e 95 9e 69 73 db-2c 71 82 03 d9 b2 33 30   .|n..is.,q....30
00a0 - 78 20 21 e2 99 e0 2c 9c-0d 17 51 3f 04 b2 d2 47   x !...,...Q?...G
00b0 - ea e5 3b 98 a3 0a 41 d0-89 dd 16 da 3d 02 09 fe   ..;...A.....=...
00c0 - 31 01 69 ab 28 98 8b b6-ed 20 83 5d 0d 9d 1c c4   1.i.(.... .]....
00d0 - a3 43 16 ca 9e 3a 62 0c-a2 7e d9 d2 03 05 be bc   .C...:b..~......
00e0 - d9 46 9a fe f7 2a 96 9d-b6 33 c9 84 cf 73 e8 90   .F...*...3...s..
00f0 - 8e 02 34 fc 5f 29 da f8-a1 49 fd bf 5d d7 c8 94   ..4._)...I..]...
0100 - 9e 09 29 03 f8 6d 57 b2-b0 34 92 c2 c9 1a b7 6d   ..)..mW..4.....m
0110 - b4 bc 2b bf 02 06 a1 a3-be a4 b8 d3 7c b9 e3 bc   ..+.........|...
0120 - d4 5d b7 a7 d3 d9 31 b4-fb e1 c2 9b de cb 1a 37   .]....1........7
0130 - 05 1b 8f e3 13 4b c9 e6-0d 5d 23 0c 2c f8 96 e3   .....K...]#.,...
0140 - d2 0b 4b 3d 3f 40 d8 24-6c 6b fe 84 34 48 dc a9   ..K=?@.$lk..4H..
0150 - ce 99 8d 92 29 d7 69 f3-dd 10 dd 3c 95 c4 08 fe   ....).i....<....
0160 - 4b 95 8b ab 49 f8 52 ba-db 75 ce e0 a9 ae a0 86   K...I.R..u......
0170 - 66 4d 30 8b ea 3e c4 68-de 5a 96 46 a8 c1 d4 c1   fM0..>.h.Z.F....
0180 - 0c 41 87 e0 db 43 13 5f-80 4e c2 4a 29 d2 2e bd   .A...C._.N.J)...
0190 - 27 3b 2a 36 ad a7 c0 fa-33 74 d3 0c 1b 7c c6 f8   ';*6....3t...|..
01a0 - 55 15 35 32 ec 78 60 74-6e 1c a5 02 7d 4a a1 69   U.52.x`tn...}J.i
01b0 - 96 80 8d f4 42 ea bc 10-d8 98 60 05 a2 d6 36 84   ....B.....`...6.
01c0 - 2c 5d fa 44 49 59 53 fd-23 b0 0f d8 d3 aa 1a ce   ,].DIYS.#.......
01d0 - 1b d3 5f c0 02 85 6e 3b-c5 ca fa a0 94 a9 7a f7   .._...n;......z.
01e0 - 17 34 14 ad ff 17 4e eb-ff da e2 5d d1 bd b9 ff   .4....N....]....
01f0 - 4b 1a ac cd f3 49 03 20-dd e3 5d 29 8d 05 d6 2e   K....I. ..])....
0200 - 87 52 e9 7f 13 0b 06 dc-a6 6c f3 74 f3 89 a6 22   .R.......l.t..."
0210 - 55 e8 fa b6 f7 94 9c d9-90 79 6b 58 69 69 62 99   U........ykXiib.
0220 - 4c e7 83 f7 44 8d 94 b0-12 41 eb 28 79 04 8c 0b   L...D....A.(y...
0230 - ea f7 9a ec 14 f5 b8 e4-49 b9 ee 6e bc d4 5d 15   ........I..n..].
0240 - 65 fe c9 e4 44 5c b3 66-fe ec 6b 7e ca 59 ca 23   e...D\.f..k~.Y.#
0250 - e3 61 b5 ea c0 66 ab c5-38 81 f5 98 6a 4e 06 47   .a...f..8...jN.G
0260 - d2 47 e4 7e af 19 c2 d2-0e 8f 1a ca 47 92 1d e5   .G.~........G...
0270 - c0 97 27 18 fa 5c 1d 2c-91 9e 4f 04 ac ce 68 34   ..'..\.,..O...h4
0280 - c4 dc df f2 84 8c 17 f5-4a 0b e2 e1 43 00 91 cc   ........J...C...
0290 - 55 13 c9 32 99 3d 4b 78-02 a6 16 1e 27 a4 2f c2   U..2.=Kx....'./.
02a0 - cc a9 43 bb b9 2c a8 bc-c6 d3 6b 4b 12 6d 3b a1   ..C..,....kK.m;.
02b0 - 4e 25 88 84 42 9f f2 34-59 07 45 30 f7 28 6c df   N%..B..4Y.E0.(l.
02c0 - 09 85 65 ce 53 76 2b 4c-b0 cc 80 4b 1f 42 c3 e0   ..e.Sv+L...K.B..
02d0 - 23 26 36 5e d4 97 c7 35-f1 7b d1 36 ed 35 f0 5a   #&6^...5.{.6.5.Z
02e0 - ba be 11 22 48 62 eb 2b-61 3d 91 27 90 36 45 38   ..."Hb.+a=.'.6E8
02f0 - 1f b4 4a 5b 04 e3 34 d1-62 81 5e ae 03 c4 fa ab   ..J[..4.b.^.....
0300 - 82 96 01 bd 9b a7 cb e3-c5 48 3e 43 19 a2 9e 1d   .........H>C....
0310 - f0 68 7f f8 ae bc b6 fb-bd ce 7a 87 06 9a cf 5b   .h........z....[
0320 - 9b 21 06 58 55 8c 71 1b-a8 00 0b 55 b9 92 9d b2   .!.XU.q....U....
0330 - 93 33 68 5b 3b 25 74 3a-d1 47 9c b0 fe e1 71 b2   .3h[;%t:.G....q.
0340 - 8c 46 5f ed 85 33 ca 53-30 c9 56 25 7b 81 35 1c   .F_..3.S0.V%{.5.
0350 - 6c 32 42 3f 02 70 98 0e-68 5a 67 6b 8a 54 38 1e   l2B?.p..hZgk.T8.
0360 - 6b f8 bd 2d 36 7f ab dd-47 8f 41 bb 89 75 d5 fe   k..-6...G.A..u..
0370 - 79 05 2e 87 11 91 47 d7-36 8b 8d e3 a2 9e 91 59   y.....G.6......Y
0380 - 85 24 40 7c da ff 4a 4a-82 14 3f 76 0a 1b e3 6f   .$@|..JJ..?v...o
0390 - 0e ad c3 dc 53 4c 7e 3b-ad f0 1f f2 db d7 6a 8f   ....SL~;......j.
03a0 - 7a 89 ce 7e 37 64 23 58-da 21 48 cc 2d 12 42 2a   z..~7d#X.!H.-.B*
03b0 - cd 11 90 a8 21 74 3f b9-5e a1 d4 e0 16 83 9f 71   ....!t?.^......q
03c0 - 02 59 86 36 d1 df 80 46-28 c4 da 79 e6 37 43 68   .Y.6...F(..y.7Ch
03d0 - af 46 df 65 0f ea e3 6e-26 47 fd 61 e1 bd 78 63   .F.e...n&G.a..xc
03e0 - 21 5f b7 89 b9 38 87 4c-de 48 f7 bd 6e 7c 15 68   !_...8.L.H..n|.h
03f0 - 21 d0 a4 cd bf 1e 42 8b-5c 4f ec aa 21 57 d1 4b   !.....B.\O..!W.K
0400 - d6 6c d1 91 a3 69 90 b3-f1 57 58 f6 c1 23 0f a1   .l...i...WX..#..
0410 - 48 6a 4f 12 b5 45 98 df-e6 69 2a 65 31 24 72 bb   HjO..E...i*e1$r.
0420 - 85 0a de bf 64 d5 4e 70-62 b4 a1 77 e7 3a b0 c4   ....d.Npb..w.:..
0430 - 5b bb 2c eb 8c 89 b0 8d-b6 4f cb 64 5a 18 ce 5b   [.,......O.dZ..[
0440 - 6d 95 f1 fd a9 ba 01 e7-e9 18 ba 31 c8 01 f3 10   m..........1....
0450 - f0 90 9a 74 6a 15 95 d0-58 80 8f d7 87 fc 7a ee   ...tj...X.....z.
0460 - a9 81 d5 31 d4 64 08 c8-f1 1e 8d 77 03 a3 da c7   ...1.d.....w....
0470 - 8c 93 42 bf 51 48 ca 3a-0c 69 61 89 42 48 83 fb   ..B.QH.:.ia.BH..
0480 - f5 62 51 16 94 ac 6a fa-a1 14 d1 c9 3d cc 78 6b   .bQ...j.....=.xk
0490 - e0 20 00 05 50 2a 9a 33-1d e0 39 43 c1 f1 d8 24   . ..P*.3..9C...$
04a0 - c9 70 7f c2 87 be 61 ce-2a 60 5e 2a d1 96 13 51   .p....a.*`^*...Q
04b0 - 88 46 f1 fb f1 bc f0 a3-21 aa d1 fe 10 83 c3 8e   .F......!.......
04c0 - eb a6 99 63 14 a5 7b e5-4c 4b 63 f5 03 07 04 cb   ...c..{.LKc.....
04d0 - af 53 56 44 b1 4b b7 ad-69 6e 9f 81 3b e8 d5 70   .SVD.K..in..;..p
04e0 - 24 88 8c 48 18 98 86 42-69 db a3 6e 3b 43 be 31   $..H...Bi..n;C.1
04f0 - 45 a6 72 4f fb e6 7a 15-13 bc 40 83 ed 46 fd 8f   E.rO..z...@..F..
0500 - 28 73 27 ce d9 12 a7 91-6d 60 9a d2 d1 59 2d 6f   (s'.....m`...Y-o
0510 - e9 b8 50 ef 8d a6 78 50-ea 91 1c 72 90 af 9d 6f   ..P...xP...r...o
0520 - 63 d7 ba 08 25 75 92 80-ba 71 bc 96 b7 34 5a cf   c...%u...q...4Z.
0530 - 9a 11 ca f4 18 67 6d f2-c9 80 ec 5b 30 e4 bf 7f   .....gm....[0...
0540 - 44 0e ce 9d ca 54 f9 95-56 3e b8 58 a3 e3 34 62   D....T..V>.X..4b
0550 - 39 be 34 1b 80 c4 2b ea-cd 88 a4 64 a2 0c bf 9a   9.4...+....d....
0560 - ec 54 56 4d 22 75 64 c0-9e e1 63 c0 32 97 27 4e   .TVM"ud...c.2.'N
0570 - 9e 27 fd 15 30 d8 88 ff-af 4a 55 66 a5 44 00 86   .'..0....JUf.D..
0580 - fe 2d 6c d6 c4 cd 6b 89-c1 1a ca 2e e0 e4 70 2a   .-l...k.......p*
0590 - 9d ed f9 1d 53 53 68 1c-7a e5 e9 0a f4 d4 c3 52   ....SSh.z......R
05a0 - f6 a0 ba e7 39 93 9c f7-f4 6f fc 96 57 af 26 cf   ....9....o..W.&.
05b0 - db 7c d5 3e 1a c9 e6 0f-ef 02 44 d2 46 78 59 fe   .|.>......D.FxY.
05c0 - 87 27 6f 6b 56 37 16 9a-34 45 6a a3 cd 91 4b 0e   .'okV7..4Ej...K.
05d0 - cf 3d 59 f6 6b 7f 33 71-2e f9 3f c1 f2 1b 2c 47   .=Y.k.3q..?...,G
05e0 - 2b 09 c0 45 01 16 e8 36-9c 90 39 f1 73 56 6c 6d   +..E...6..9.sVlm
05f0 - 78 fc e1 ce 28 6d ce 9b-fd 45 11 88 b0 17 42 49   x...(m...E....BI
0600 - bd fc d3 25 c1 15 f1 01-22 0d 02 b4 7c 85 43 db   ...%...."...|.C.
0610 - 17 66 91 a2 4f 28 6a b2-65 42 54 01 3a 7a df 3b   .f..O(j.eBT.:z.;
0620 - e1 75 15 09 64 75 ef fc-5b 17 9c 50 c2 dd e0 43   .u..du..[..P...C
0630 - 92 a5 31 59 76 25 61 27-26 f2 d4 a1 7f a9 f3 d7   ..1Yv%a'&.......
0640 - 92 5f 2a a8 a4 ae cf 5e-fb 77 87 8e a4 be 17 c6   ._*....^.w......
0650 - 80 e0 2f 07 ed 5c 2f 1b-8a 89 59 38 0a 81 14 d1   ../..\/...Y8....
0660 - f6 55 5f 54 a4 0e f0 d8-96 91 68 c0 a1 5c 02 9d   .U_T......h..\..
0670 - 84 c8 1e d1 d3 10 14 3d-28 dc 36 f0 29 3f 93 1e   .......=(.6.)?..
0680 - ba 79 0f 21 d2 6e 5b 0a-f5 50 1b f2 88 92 c4 71   .y.!.n[..P.....q
0690 - 00 4a 4a 83 dd bf 57 e9-de a5 ec 1c d4 a1 f2 06   .JJ...W.........
06a0 - 96 bb 73 62 52 5c cd 32-97 8e d3 9c ea 5a 08 44   ..sbR\.2.....Z.D
06b0 - 58 2b 41 da 22 94 99 e3-35 ae 2f 78 7a db 6a 8d   X+A."...5./xz.j.
06c0 - c8 f0 a0 b9 46 24 3d 8c-55 d7 c4 18 b3 50 29 14   ....F$=.U....P).
06d0 - 1f 8b c2 4f 6b af f6 46-ed f1 c7 97 3c c6 66 93   ...Ok..F....<.f.
06e0 - f9 c6 a7 d1 46 f9 8b 45-91 24 c1 93 8f e7 66 dc   ....F..E.$....f.
06f0 - 05 a5 fb 07 fb e9 5a 12-64 7f 48 66 5b bc 1b 39   ......Z.d.Hf[..9
0700 - ce 77 39 3a d9 18 c0 8e-f5 f5 a9 a8 a5 a2 cf 5f   .w9:..........._
0710 - 85 d1 99 ee 2f 89 92 0e-71 74 cc 10 a5 4a a3 3c   ..../...qt...J.<
0720 - 65 92 ee 49 e4 9e e5 cd-02 14 03 c7 97 4e 08 f0   e..I.........N..
0730 - f8 ff b9 b6 03 74 9c 19-cf 63 f9 15 15 d0 9b d6   .....t...c......
0740 - bc 7c f6 a1 f7 6a b6 6e-58 48 be ec cf 11 d4 a2   .|...j.nXH......
0750 - 6b bf 53 23 5a f3 f7 6f-03 f0 ea 40 99 86 ed b2   k.S#Z..o...@....
0760 - 23 b0 61 66 ac 9d 3c 27-44 46 b7 6f 68 bc 54 70   #.af..<'DF.oh.Tp
0770 - f7 69 bf 74 dc d6 cc 65-be c6 0e 58 63 06 d4 3a   .i.t...e...Xc..:
0780 - a6 01 11 0e dd cb d6 69-80 32 bb 3a ec 87 81 84   .......i.2.:....
0790 - 09 65 75 09 fa 54 20 a5-a9 76 f1 6d 21 01 59 dc   .eu..T ..v.m!.Y.
07a0 - 77 15 8b 11 fb 5d bc 63-e9 7e 00 01 8d d2 d7 50   w....].c.~.....P
07b0 - 8a 0f 81 d8 9e 7b 83 7d-13 d7 ba bf 00 46 1d a4   .....{.}.....F..
07c0 - 6f 40 48 0b 75 25 08 9d-90 f3 e6 cd 36 58 85 a0   o@H.u%......6X..
07d0 - 55 32 73 76 94 11 6b f4-f1 2a 5c 28 e4 6d 52 0d   U2sv..k..*\(.mR.
07e0 - 75 42 d1 5f 60 4e 42 7f-29 b4 92 43 99 cb fb 85   uB._`NB.)..C....
07f0 - 92 23 6d f3 df 09 cf 58-7d b1 bf 6d b2 89 28 33   .#m....X}..m..(3
0800 - 85 f0 f7 88 f9 6f 9c 28-a2 1d 34 ce 79 cf e9 22   .....o.(..4.y.."
0810 - 28 75 90 83 54 bf 4b 38-29 ac 09 5c fc 39 1b fa   (u..T.K8)..\.9..
0820 - f6 0b 77 1a 6e 2f 8f c5-4b ac b5 fa 77 b1 0c 25   ..w.n/..K...w..%
0830 - 88 0f 98 14 ad ae 42 c1-4e cf fe ab 13 dc c1 b2   ......B.N.......
0840 - d5 90 43 0b c9 2e ef 51-61 89 a5 85 ce 68 49 5c   ..C....Qa....hI\
0850 - ac 0e 8d 8b e1 11 ae 3d-b1 2c d2 3d dc 16 15 aa   .......=.,.=....
0860 - a8 ff a3 74 96 96 04 76-66 48 e2 b2 7e 3b 70 6a   ...t...vfH..~;pj
0870 - 8e 0b 03 ed 95 3e 80 5a-a0 1e b4 a3 d9 b6 a4 b7   .....>.Z........
0880 - 81 80 0e 96 3d 70 1b ff-af 4f 35 75 86 17 e3 b1   ....=p...O5u....
0890 - 30 c4 b8 36 0e ed e2 a0-bb cc 66 a3 d5 99 e0 61   0..6......f....a
08a0 - 92 fc b1 e5 4b c7 80 d8-6f cb 29 ae 48 13 01 a8   ....K...o.).H...
08b0 - f7 1e 11 88 ee ea ab 35-b6 86 c2 8a 09 94 f9 67   .......5.......g
08c0 - 61 0e 9d 3a 3a e0 9d 6b-9c 90 84 0f d6 e4 9d 02   a..::..k........
08d0 - 4d 47 fe bd cf 46 d0 14-8a e9 3c 46 fe 30 c3 57   MG...F....<F.0.W
08e0 - b3 af 58 88 a8 93 83 b6-3b 36 d9 05 62 1d a2 5d   ..X.....;6..b..]
08f0 - 15 32 14 9b 51 39 b7 cd-90 11 18 14 9f 09 25 19   .2..Q9........%.
0900 - cd dd aa 8b f4 e9 57 62-08 34 f5 5d 35 6d d2 a1   ......Wb.4.]5m..
0910 - ce f5 a8 b7 1e d6 53 9b-fa 15 7e b8 38 7a d1 01   ......S...~.8z..
0920 - ac d5 60 bc a3 74 52 4b-0b cc 6a 22 39 9b ad 29   ..`..tRK..j"9..)
0930 - c6 0a 0b a4 5f 45 15 20-e0 5d 6f 9d 9b ec c0 d9   ...._E. .]o.....
0940 - b6 90 8f ea d6 37 c5 bf-65 1a 66 f7 c4 e0 94 08   .....7..e.f.....
0950 - 84 9f e2 69 ff 1e 54 79-bf aa 3b 4c c1 b8 61 d0   ...i..Ty..;L..a.
0960 - c9 c8 23 4c 86 87 c6 16-49 02 f5 56 5d 9b 19 b1   ..#L....I..V]...
0970 - 88 89 52 2a 92 13 5e c5-66 d0 39 88 04 cb 23 f3   ..R*..^.f.9...#.
0980 - 16 82 6d 58 89 2a 25 b5-ff f7 01 90 19 67 01 ca   ..mX.*%......g..
0990 - 50 09 b6 bf 9f 33 e7 d7-6c f5 b8 b6 a9 4c fc 3e   P....3..l....L.>
09a0 - f6 15 54 30 5f b8 38 be-f8 7d 9c 22 52 07 04 03   ..T0_.8..}."R...
09b0 - 2d df c6 65 96 98 d4 db-55 87 53 f3 32 3d b3 90   -..e....U.S.2=..
09c0 - 8a 59 7b 60 fc c0 b1 e2-88 f1 8c 98 5f 43 b3 a1   .Y{`........_C..
09d0 - 58 e7 20 96 b0 de 52 46-4b 64 cc 92 6f 48 70 9b   X. ...RFKd..oHp.
09e0 - f8 0d 6f 3a 6c 50 ed 4d-5e 28 20 33 71 1c 28 66   ..o:lP.M^( 3q.(f
09f0 - 13 a3 dd 97 f5 96 01 24-3f e2 88 de dc 7e e5 ed   .......$?....~..
0a00 - 66 76 d0 72 f2 0e ea b9-d0 a0 16 1d 72 6a 8d 20   fv.r........rj. 
0a10 - d5 d5 fb c5 27 21 8c 7a-73 7d f6 62 b8 30 ff 11   ....'!.zs}.b.0..
0a20 - 13 30 56 62 0f 06 88 83-e6 a8 9b 3b 30 12 00 80   .0Vb.......;0...
0a30 - a9 3d 26 db 01 73 e6 37-6d 67 03 67 0c 72 13 61   .=&..s.7mg.g.r.a
0a40 - 02 89 e6 fb 0b fb 27 2b-05 f2 14 09 0c 14 c2 b5   ......'+........
0a50 - 86 9e 41 df 0d 2f ca 02-18 1f 4a 2c 06 9e a5 81   ..A../....J,....
0a60 - d9 f5 55 aa e5 bc ad 8e-e7 0e b5 e7 a7 fe cc 0d   ..U.............
0a70 - 76 93 bd 09 2a 25 84 11-35 a9 1e 07 c6 f0 0c 15   v...*%..5.......
0a80 - 12 b3 89 3a 06 97 67 9a-1e 59 45 40 ce 6b f4 97   ...:..g..YE@.k..
0a90 - b0 a7 c9 0d 19 0c 37 93-98 e0 e3 3e 43 93 bb f3   ......7....>C...
0aa0 - 7c 21 ce 9b 53 d8 d5 f4-1b db dc 63 48 f1 b1 6f   |!..S......cH..o
0ab0 - 43 44 5b 41 21 b0 d4 23-90 a4 4c 40 bb d7 be c3   CD[A!..#..L@....
0ac0 - b3 fa 14 34 6c 74 33 fe-6a 93 ca cd c4 4a 27 ec   ...4lt3.j....J'.
0ad0 - 72 9e 01 dd d2 09 11 69-f5 e4 c4 cd 64 d5 e2 89   r......i....d...
0ae0 - 14 28 65 31 f5 96 91 2e-68 db 76 f1 8c b5 1e 3d   .(e1....h.v....=
0af0 - d3 24 93 20 85 60 b8 3b-09 64 5c 99 ed ca ab 41   .$. .`.;.d\....A
0b00 - 06 d7 c2 7d 89 91 98 70-16 3b 4f 84 6d 64 fe db   ...}...p.;O.md..
0b10 - a6 b7 50 70 41 7a 94 a9-5b 74 66 92 2b c3 14 79   ..PpAz..[tf.+..y
0b20 - 35 4a ec 98 ff 6c fd b9-8c 55 7b 60 6e 10 76 6f   5J...l...U{`n.vo
0b30 - c7 fb 79 72 36 f2 7e 79-fe 2b 55 6f e5 3b c3 73   ..yr6.~y.+Uo.;.s
0b40 - 28 2a 92 ed e9 fe 78 97-6a 19 49 7c aa 31 d1 09   (*....x.j.I|.1..
0b50 - 07 86 2f 9f 14 77 2e 8a-bc ec 2a 48 8c 63 87 43   ../..w....*H.c.C
0b60 - 3b 2a 02 82 c4 70 31 60-e9 42 7e 61 c1 1e 13 16   ;*...p1`.B~a....
0b70 - cf bc b9 bc 63 22 d3 d3-1f 84 46 b5 6e d8 6c 58   ....c"....F.n.lX
0b80 - 06 6c 4a 1d e2 72 3a 83-3b 24 f2 15 ce b3 f1 9c   .lJ..r:.;$......
0b90 - 5e a7 44 53 3a 92 cc a0-8e b3 27 9f a8 e7 dd e4   ^.DS:.....'.....
0ba0 - c6 30 48 04 88 3b b7 a3-c2 ea d4 10 96 9f 42 bb   .0H..;........B.
0bb0 - c7 9e d8 56 b1 e4 87 db-62 d8 7e 01 5f cd 59 6f   ...V....b.~._.Yo
0bc0 - d4 ee f8 af 4f fa 4b 7c-cf 10 8c ab 04 99 5d 7d   ....O.K|......]}
0bd0 - ae 41 34 bb d4 2d 1f c1-37 ae a4 47 3f 33 33 54   .A4..-..7..G?33T
0be0 - dc 19 c9 fa d6 c3 a1 aa-d5 e4 78 63 3f b4 07 ae   ..........xc?...
0bf0 - 64 66 cc 1d 86 ed 78 89-a3 c6 60 38 64 d8 d5 1c   df....x...`8d...
0c00 - a4 1d c9 31 32 0c 02 21-88 09 a2 a5 11 f6 73 76   ...12..!......sv
0c10 - e3 bf 09 2e c6 c1 11 6e-12 df df fb 0d 81 df ab   .......n........
0c20 - 23 80 1c 02 06 e1 4e 50-84 79 7a a2 1a f5 72 67   #.....NP.yz...rg
0c30 - 47 32 44 2c f9 70 93 53-2e 65 59 42 ec 13 97 d4   G2D,.p.S.eYB....
0c40 - 3f 1b 92 07 9a 9e 5b e5-99 fd 63 19 cd f3 c1 b9   ?.....[...c.....
0c50 - 0b f2 a4 04 bd 6b 94 c8-ce d5 55 b0 9d 00 0c 74   .....k....U....t
0c60 - 52 96 3b 7f 51 ad dc 5e-49 0b 44 96 0a 09 41 db   R.;.Q..^I.D...A.
0c70 - af 6b 48 08 d4 eb 34 75-fe d7 23 c7 a4 65 d4 83   .kH...4u..#..e..
0c80 - 4c 9c 5e d3 58 fa 40 82-eb 3a ea 80 15 92 9e c6   L.^.X.@..:......
0c90 - 69 8c cb 0d 7e 53 e3 eb-3c 68 a4 6c 01 2b 8d f4   i...~S..<h.l.+..
0ca0 - e3 4a 3d 2c a4 ce 3a 4f-26 c4 74 2c 8d fa 37 07   .J=,..:O&.t,..7.
0cb0 - 31 a8 f9 77 67 a9 dd 93-70 e4 25 5a 4f 81 ad ba   1..wg...p.%ZO...
0cc0 - b9 6d 5e fb fd 69 8f c5-33 a7 e8 a4 c3 49 a7 1f   .m^..i..3....I..
0cd0 - 5e bd e9 98 1c 13 86 c2-d1 be e0 fc b8 18 bc ad   ^...............
0ce0 - 41 93 31 5b 3a be 30 49-d7 d6 20 ee d5 7f 54 a6   A.1[:.0I.. ...T.
0cf0 - dd a0 87 a1 45 c4 e2 c8-2a f0 a9 30 0c 3a 99 d3   ....E...*..0.:..
0d00 - db bd 95 58 b5 00 ed b2-8d 9f 86 82 fe 18 98 de   ...X............
0d10 - bc 6b eb 03 7d c2 d7 fb-49 58 e1 ed 05 06 bd bd   .k..}...IX......
0d20 - 86 f5 55 71 4c 8e f4 cd-84 e5 6a 0f a4 dd 8c 2a   ..UqL.....j....*
0d30 - e9 7b 0a 97 8f 9e 1c 72-81 d1 2d a0 9f 47 2b a7   .{.....r..-..G+.
0d40 - f8 67 7b ef ce 93 7c 6b-1b 36 c4 20 75 a4 a0 3c   .g{...|k.6. u..<
0d50 - e8 6a 7a 42 48 ea eb 2d-78 06 dd 0a 2a c2 30 01   .jzBH..-x...*.0.
0d60 - 18 7d 01 f5 34 df 20 be-64 b5 a3 de 7b 68 4e 86   .}..4. .d...{hN.
0d70 - d6 29 57 0b fd a3 29 7d-c6 a3 aa 49 30 c6 99 ab   .)W...)}...I0...
0d80 - 47 f4 93 67 b6 5d bd f4-bc 01 eb 15 d7 21 23 83   G..g.].......!#.
0d90 - aa fd 6f ac e2 86 5b bf-4a 15 64 e1 ed 44 ed 4f   ..o...[.J.d..D.O
0da0 - 84 ec 2a 75 25 41 64 51-ae ef 74 be 82 7c 60 33   ..*u%AdQ..t..|`3
0db0 - de 0e 20 f9 13 39 ac 25-48 0d aa f4 1b 10 a3 7d   .. ..9.%H......}
0dc0 - a0 ce 5d e5 a8 de 67 93-03 c2 37 6e 0c ba 6a a8   ..]...g...7n..j.
0dd0 - 72 65 b0 4d 2c a6 64 d2-9b 24 f2 33 ce f1 4c 5e   re.M,.d..$.3..L^
0de0 - 20 9b 3f 26 ce e5 3b 86-59 54 af b8 3f a5 90 67    .?&..;.YT..?..g
0df0 - 1c d8 b0 f8 97 d5 52 ef-cd 50 2e 2d 84 cb d0 eb   ......R..P.-....
0e00 - e5 ee 18 f9 84 48 7b f4-ef 01 a1 25 da 30 29 e3   .....H{....%.0).
0e10 - f9 31 f4 c7 37 4f 87 b5-6e a9 5e 76 14 b1 6c 53   .1..7O..n.^v..lS
0e20 - 2d 48 53 f8 79 d7 26 85-23 20 19 37 35 98 05 af   -HS.y.&.# .75...
0e30 - b1 01 f7 9d 62 ac 97 bc-81 61 9d 1f d4 d9 9e b1   ....b....a......
0e40 - f6 9b 92 14 c7 2b db 70-80 c1 d3 58 3a ec 07 11   .....+.p...X:...
0e50 - f4 2c c4 db 3b 84 75 81-3a 8c e0 cf 16 9e 12 01   .,..;.u.:.......
0e60 - 5e 30 e6 06 9e cd fc 20-1e 8f d7 af fb d5 68 f3   ^0..... ......h.
0e70 - 7a a1 9c 3d 95 0b 30 f6-35 e3 44 97 5f 34 ed d5   z..=..0.5.D._4..
0e80 - 85 9b d1 62 b8 83 ec 04-bc f9 98 8a 54 f8 0a c5   ...b........T...
0e90 - 91 00 47 2c cd 34 6e 24-86 95 de d5 06 f1 ea 4c   ..G,.4n$.......L
0ea0 - 46 74 a9 94 52 0e dd 99-32 ed c0 92 9b 34 1b c1   Ft..R...2....4..
0eb0 - 7d 8f 44 61 f8 9b 9f eb-1e 38 db 54 a2 2f ca f2   }.Da.....8.T./..
0ec0 - ea 57 c9 5b 24 f2 6b 7e-7f e3 88 5c 6e 52 c8 00   .W.[$.k~...\nR..
0ed0 - e1 45 5a b2 c0 da e0 39-a7 03 e3 e8 a1 e7 e5 ba   .EZ....9........
0ee0 - d2 12 66 29 f3 69 9a 69-8b 37 7d bc 1f 97 ff c0   ..f).i.i.7}.....
0ef0 - dc 37 cb 8e 2e 79 43 e1-bd 8e f7 27 a8 df 35 be   .7...yC....'..5.
0f00 - 61 ae d1 f5 dc 31 fc 26-85 de a1 82 ba 87 d4 34   a....1.&.......4
0f10 - 7d 7d 59 07 3b ba 73 e3-10 60 62 77 ba 86 fc 0b   }}Y.;.s..`bw....
0f20 - 10 87 26 95 61 f0 3c 63-18 50 b0 e7 fc 74 fa f2   ..&.a.<c.P...t..
0f30 - 43 2d 1d 89 f1 d6 4a 78-19 fb d1 00 30 ac f0 15   C-....Jx....0...
0f40 - 3b ab e6 f5 cf fd 9f 68-19 79 59 8a 4b fa fc 0e   ;......h.yY.K...
0f50 - a6 66 f6 b5 48 2a 76 9b-8b 33 6e 1e f7 81 85 3f   .f..H*v..3n....?
0f60 - 78 8a 1e 14 7c 74 43 b2-e1 fd c0 1f 05 cd 84 a1   x...|tC.........
0f70 - aa 58 38 20 cc 38 eb 00-fb d4 14 f4 ec 95 0c 4d   .X8 .8.........M
0f80 - fa 7e 09 77 a4 db ac 12-53 3a 04 63 17 d8 cb d9   .~.w....S:.c....
0f90 - 34 33 76 9a f1 cb 69 b2-25 9c 98 a6 40 64 87 00   43v...i.%...@d..
0fa0 - 06 ec 26 45 9c 21 98 a8-f0 07 16 d8 48 37 c7 c7   ..&E.!......H7..
0fb0 - 33 f1 db 4e 06 9d 84 b4-c5 ec c8 d9 00 da 4d c8   3..N..........M.
0fc0 - e2 bc ba fa fa c1 f2 b4-30 38 b2 fd 8a 4d 01 6e   ........08...M.n
0fd0 - 09 ea bc e5 a0 90 d6 3a-7d 30 4e f1 18 f2 45 88   .......:}0N...E.
0fe0 - 40 6d a4 15 27 eb 83 b8-ba 4f e9 b9 20 07 2c e2   @m..'....O.. .,.
0ff0 - c5 85 d3 4f 5b 1e 1a f4-c3 0a 10 3f 3f 42 32 44   ...O[......??B2D
1000 - 31 18 0b 6a 2e 9d de 9d-eb 43 fe 9c 09 a4 9f 98   1..j.....C......
1010 - 2a 81 1f 26 59 2c 45 db-2c 5c ee 97 ba 05 13 08   *..&Y,E.,\......
1020 - 40 d4 89 67 d9 92 c9 b0-85 b9 1b 34 ac c4 26 23   @..g.......4..&#
1030 - f6 35 4c ae d4 b2 df 9e-e8 f4 f0 b0 76 2f de 2b   .5L.........v/.+
1040 - 89 29 bc 98 27 fa 1a 23-2e 81 74 c0 90 08 0e 78   .)..'..#..t....x
1050 - 80 bc c6 c3 c5 26 ba fb-6d 2d d3 10 16 3c 37 8f   .....&..m-...<7.
1060 - 2e d7 50 ab fc ef 57 ce-ba 26 0a ea fd 19 ab 96   ..P...W..&......
1070 - 4b 16 57 31 4a 50 77 19-47 4f 2d 4f 96 60 e8 49   K.W1JPw.GO-O.`.I
1080 - 0e 6b d7 ad 00 0b 9b e9-f4 5f 73 1a 63 ca b0 dd   .k......._s.c...
1090 - 5f 81 e4 66 a0 99 53 28-a0 57 28 e9 9b be 79 a9   _..f..S(.W(...y.
10a0 - ea 75 da 47 68 b2 c6 0b-c7 05 8e 8e 7f 51 7a 3a   .u.Gh........Qz:
10b0 - bb ce 16 2f e4 34 ad 1f-c0 b0 7e bc 4d 93 2f 7b   .../.4....~.M./{
10c0 - 85 58 e9 0b 11 9b 55 90-8d b5 5e 8d 17 96 66 ef   .X....U...^...f.
10d0 - ae 96 6b 2b 1a 7b fb 82-71 78 52 2c e0 7c a9 c9   ..k+.{..qxR,.|..
10e0 - 9b 68 e1 c8 2f 0c 1c 92-9e 81 ac c4 3f 65 7a 50   .h../.......?ezP
10f0 - ee 89 3b 04 99 1f ea 97-3c a6 50 61 23 c3 b6 de   ..;.....<.Pa#...
1100 - 62 39 3d bd 3d 63 67 90-6b b0 d3 fa 19 42 02 52   b9=.=cg.k....B.R
1110 - 56 1e 2e 52 9a 05 ea ff-4c 98 20 54 1b 54 2f d8   V..R....L. T.T/.
1120 - 9c ad a8 33 95 11 65 dd-25 87 38 54 00 e0 8f 9e   ...3..e.%.8T....
1130 - b7 8b 86 92 61 bb fc 0a-86 ce e1 38 41 db 22 f5   ....a......8A.".
1140 - a5 7d 3f 48 a0 bf 82 8a-1c 7d 4a b1 ed 23 0c ff   .}?H.....}J..#..
1150 - b7 a1 90 6e 36 d7 84 36-f6 3e 7e 06 b9 8f b8 a4   ...n6..6.>~.....
1160 - e6 88 52 8b 16 bf af d5-a6 0d 39 14 01 62 aa f2   ..R.......9..b..
1170 - ce 42 9f b2 0e 41 b8 7c-5f 14 4e dc 7c ee ee ca   .B...A.|_.N.|...
1180 - ba 2e 1c 7e 3d ac 44 0e-73 39 61 21 2f e8 c4 77   ...~=.D.s9a!/..w
1190 - 3f 47 fa 78 54 de be 89-2b e3 f0 da b5 60 2a a9   ?G.xT...+....`*.
11a0 - b3 b9 ce d4 a2 4c 99 3c-90 b9 a6 a5 a9 4c a7 37   .....L.<.....L.7
11b0 - 39 2f aa 7b d0 63 f8 cd-b8 47 22 fd ac f6 56 32   9/.{.c...G"...V2
11c0 - c8 fa ce ca 48 34 09 27-cc db 78 43 33 a2 d8 e5   ....H4.'..xC3...
11d0 - 6d 64 ec 58 6d 5b 6e 76-f3 c4 8c 85 a2 21 3a ee   md.Xm[nv.....!:.
11e0 - 90 ad 0c fa 37 eb a9 3f-0f 52 54 fa 35 cb 4d 5e   ....7..?.RT.5.M^
11f0 - a8 f4 2e ef 0c bf a2 a3-fa 85 db f1 85 36 a2 19   .............6..
1200 - d7 c9 09 3f ef a8 c6 c5-7c 0b d4 38 86 ad 25 28   ...?....|..8..%(
1210 - d8 18 e8 43 9c ef 6c b2-e1 60 8b 43 89 6e 5c b1   ...C..l..`.C.n\.
1220 - 20 a6 b1 18 0b 93 4d 01-61 fa 97 53 da e6 0f e5    .....M.a..S....
1230 - d5 0b 65 83 22 a0 df 8c-57 b0 fd b1 2b f4 68 af   ..e."...W...+.h.
1240 - cf 00 3e 8a b1 8d d9 d6-48 3d 4a 44 47 d9 72 c2   ..>.....H=JDG.r.
1250 - ac d8 9e 8a c4 84 26 cc-e5 03 bb 22 f6 56 72 82   ......&....".Vr.
1260 - 6a 6f 15 c2 be c3 e4 1a-a1 bc e1 7b a2 7d 11 a2   jo.........{.}..
1270 - 02 38 9c 5e 0f bc 43 56-4e 70 b7 78 0e 88 1d 69   .8.^..CVNp.x...i
1280 - 0b 59 bd c4 69 27 7f 33-77 10 82 9c 4d 0b e7 52   .Y..i'.3w...M..R
1290 - 0b 8a 4c e4 89 01 b7 ee-53 b4 5f 89 75 9d a8 0e   ..L.....S._.u...
12a0 - a3 aa dc 8d 38 aa ef 4d-df 83 80 54 bb 6d 34 4b   ....8..M...T.m4K
12b0 - 0b 69 51 16 45 df d0 16-72 b1 18 ae 45 8a 57 bf   .iQ.E...r...E.W.
12c0 - 6b 03 60 a0 ec b4 c0 86-77 a0 46 b4 c3 7b 36 01   k.`.....w.F..{6.
12d0 - 7f 79 d4 52 63 6c 6b 98-ff a1 82 36 02 7a 16 b0   .y.Rclk....6.z..
12e0 - 0b 4c 00 85 0b 17 e8 48-90 65 db ad b4 bd 9b 46   .L.....H.e.....F
12f0 - c1 91 b3 d9 8d a6 59 7a-48 4f 98 e7 7a 12 0b cc   ......YzHO..z...
1300 - 84 4b 6b c5 0b d3 d1 2a-ab 5e 42 ff 63 78 e0 8e   .Kk....*.^B.cx..
1310 - f5 cf f7 b3 b4 de 77 6f-e5 17 14 ef c3 64 69 91   ......wo.....di.
1320 - 12 18 21 42 2b c9 89 11-3a 5a 0f 9c af 4e 3a f7   ..!B+...:Z...N:.
1330 - e1 10 0f 0e 28 aa 50 8a-28 b6 af dc d9 a5 67 eb   ....(.P.(.....g.
1340 - fa 43 4a a0 c8 bc 09 58-38 e3 fa 15 4f 5e 17 69   .CJ....X8...O^.i
1350 - 68 53 94 0f 1b 89 93 61-7c db 15 e6 f7 66 01 88   hS.....a|....f..
1360 - 33 15 50 74 89 0d be 07-bb 36 c6 ff 69 fa 67 27   3.Pt.....6..i.g'
1370 - eb ad 01 af 58 05 37 56-cd e9 01 17 4d 8e 6b 59   ....X.7V....M.kY
1380 - b7 0c 17 ea 5b ce 13 fd-f4 6d e1 14 bb 06 b1 b4   ....[....m......
1390 - 41 78 05 77 21 ba 68 3e-d9 7c 34 08 dc 30 56 10   Ax.w!.h>.|4..0V.
13a0 - f6 08 f4 e7 12 81 59 b6-cb a6 a2 c1 a6 33 a1 e7   ......Y......3..
13b0 - f5 71 c0 e0 01 ab f8 48-77 3a 91 40 4c bd 3d c8   .q.....Hw:.@L.=.
13c0 - f9 5b df 79 df 6d c0 ac-ee c5 3d 0a 0a 00 78 35   .[.y.m....=...x5
13d0 - 35 bd 28 c2 06 c8 94 24-93 68 4c 90 82 1b 32 06   5.(....$.hL...2.
13e0 - 2f b0 6b 25 74 95 5f 5a-dd f9 1f 2d 55 f3 3a d9   /.k%t._Z...-U.:.
13f0 - 2f 85 b0 44 32 51 cc bb-5a 87 8e b5 d5 97 f8 b5   /..D2Q..Z.......
1400 - 21 e5 a3 fc 61 77 49 94-de 20 97 f4 47 79 d9 5f   !...awI.. ..Gy._
1410 - fc d4 8b 9e 10 7e ce ef-db 80 cd 8e 36 ad d2 66   .....~......6..f
1420 - cd d6 b5 b3 c4 9a b2 21-7e 45 96 e7 d6 22 8e 9e   .......!~E..."..
1430 - 3b 0f 77 35 d9 63 6f f4-5c 56 1d b3 59 eb 60 36   ;.w5.co.\V..Y.`6
1440 - 57 a1 e6 bc 54 d5 ac 69-2d 78 83 34 58 9b 02 60   W...T..i-x.4X..`
1450 - e1 2f e6 28 84 be c8 38-7e 35 4d be 90 51 ee f8   ./.(...8~5M..Q..
1460 - 2e 00 43 28 62 92 59 82-54 32 d2 fd 21 87 a4 7d   ..C(b.Y.T2..!..}
1470 - dd 94 f2 97 00 97 2b 64-b0 ea de c4 32 33 20 15   ......+d....23 .
1480 - d6 4f 54 b3 c4 16 63 1c-72 15 0c 58 e4 ab 84 7e   .OT...c.r..X...~
1490 - 09 30 db 9d 18 39 de 3b-5a 8a 65 5e 74 31 42 bc   .0...9.;Z.e^t1B.
14a0 - f0 49 0c 41 15 3b ea 1b-66 5f ff 9d a9 59 08 52   .I.A.;..f_...Y.R
14b0 - 33 4d a6 5a a2 4f 2c 46-af b7 c5 88 20 30 84 a0   3M.Z.O,F.... 0..
14c0 - 58 d8 33 70 3a b6 ec 5c-6e 67 94 1e 72 0e 55 b9   X.3p:..\ng..r.U.
14d0 - 53 45 5d 22 ec 7c eb 67-36 04 fd 8e 69 a3 30 59   SE]".|.g6...i.0Y
14e0 - 17 34 2c e0 fa df 78 c0-f4 d7 a2 38 2c 61 04 fe   .4,...x....8,a..
14f0 - 95 05 64 c0 67 d9 8b b4-68 ee b3 53 cc 3e ca 94   ..d.g...h..S.>..
1500 - f4 eb 3e b8 11 ad e4 64-1e 40 ae 01 2f e7 2b 45   ..>....d.@../.+E
1510 - 17 d8 ec fe aa cd 21 b7-a5 74 47 65 80 dc 8a a6   ......!..tGe....
1520 - 2e 83 02 b9 95 fe 81 7a-c7 09 08 1b 38 8b f1 c9   .......z....8...
1530 - 4c 1f 80 30 5a 85 f5 8c-1f 87 67 db 39 95 4f 59   L..0Z.....g.9.OY
1540 - f1 b0 75 8c 53 9b 98 f5-bf 85 16 45 7d b3 4e 50   ..u.S......E}.NP
1550 - 0c 5d ad 24 a2 f6 68 20-82 fc c4 75 df 8f 25 68   .].$..h ...u..%h
1560 - 06 97 2e 10 e4 b2 05 d2-ac 41 e9 83 e4 09 86 05   .........A......
1570 - df a4 2c 40 f4 be 6a d5-87 63 70 48 4c 5b 86 91   ..,@..j..cpHL[..
1580 - 4e 4f b1 74 b6 2b 5c b1-5b 07 49 79 cf ac 93 85   NO.t.+\.[.Iy....
1590 - eb 45 96 1c dd 37 c0 45-15 5e 8e 76 9b 8a 18 fe   .E...7.E.^.v....
15a0 - ac 3d 38 27 8e 3b 03 a3-d4 96 68 15 30 75 02 04   .=8'.;....h.0u..
15b0 - 6d 4f 82 b4 53 d3 97 5c-b5 d1 51 9d 5d 37 0f 69   mO..S..\..Q.]7.i
15c0 - 1f b7 d4 8f 13 32 b7 b1-88 4d ee d4 7c d2 2b de   .....2...M..|.+.
15d0 - 2b 35 0e 63 96 62 ae 6f-8f fc 05 03 b2 de 8c 6b   +5.c.b.o.......k
15e0 - a7 da e3 4f c2 d8 20 5c-c4 74 47 93 22 c0 26 db   ...O.. \.tG.".&.
15f0 - 1c ca 2a 24 5f c1 56 34-0a 3c ff a7 59 83 cf bd   ..*$_.V4.<..Y...
1600 - ff ec 2f f9 1b 9d 1d 40-b0 ba 89 ac 55 79 07 d8   ../....@....Uy..
1610 - 15 f6 cb c3 96 f2 36 91-22 df 1a 21 64 fe 33 d1   ......6."..!d.3.
1620 - f6 83 57 16 06 0f 33 07-b0 51 cf eb b2 77 36 95   ..W...3..Q...w6.
1630 - 1f e3 6e 43 37 d0 fb a2-82 90 36 99 36 e1 a8 b4   ..nC7.....6.6...
1640 - 99 4c b9 9b 0b 3f f0 14-82 2d d2 c5 1c 30 85 2b   .L...?...-...0.+
1650 - 66 b3 27 aa 9d 93 90 57-22 83 7f d7 c2 a2 81 66   f.'....W"......f
1660 - dc ca cf e6 36 60 aa 54-b6 3d 62 e2 ea 70 66 41   ....6`.T.=b..pfA
1670 - 54 23 34 de 9d 1b 66 87-cb 73 2e 1c d4 fe 41 c4   T#4...f..s....A.
1680 - f3 28 21 95 9c 8d 29 4c-b8 88 43 44 2a 25 ea 6d   .(!...)L..CD*%.m
1690 - 9c 79 d2 bb 9e ec 8e 5c-52 eb 72 2b 02 d5 5c 43   .y.....\R.r+..\C
16a0 - 78 fb 7c 97 ac 3a d0 9f-96 7a a8 e5 e4 4f 74 cf   x.|..:...z...Ot.
16b0 - 18 3c 1f c8 ea dd f1 fe-08 cc 6f a1 05 c9 51 c2   .<........o...Q.
16c0 - 57 d0 96 07 96 d3 3c f3-a9 8e 39 3e 76 79 d1 56   W.....<...9>vy.V
16d0 - 12 6e 39 44 fe 58 d3 73-22 b0 97 70 04 a5 de e0   .n9D.X.s"..p....
16e0 - a0 da 98 48 68 1b 85 c2-57 9b 33 0c fe 55 ff 43   ...Hh...W.3..U.C
16f0 - d4 5d a4 7f e4 f5 a3 41-22 13 6b 1d 69 fb e8 df   .].....A".k.i...
1700 - b7 6a 25 86 48 33 8e 07-de e7 6c 2f 2e fb ee 78   .j%.H3....l/...x
1710 - 13 5f 3d 8f be b7 01 92-39 07 9c 04 eb 45 ea 0f   ._=.....9....E..
1720 - 9c 43 8b a2 4b 17 c7 2a-ca 38 7a 3c 1f ef 9f 40   .C..K..*.8z<...@
1730 - ed 73 10 2f e2 30 a2 0d-65 e9 96 ec a4 7e 5d 3c   .s./.0..e....~]<
1740 - 3d ab ae 47 8e d2 f0 3e-27 0b 06 54 e7 8a 9c b5   =..G...>'..T....
1750 - 89 e6 27 c0 bd 14 b7 fb-42 e7 d1 7b 4e 0f 3c 4d   ..'.....B..{N.<M
1760 - 56 9a d2 d1 28 a3 e1 6e-e6 3c e0 3b ea 7d 25 6e   V...(..n.<.;.}%n
1770 - 0d 87 f3 45 47 74 f4 b3-03 e8 0d ea 3f 45 48 35   ...EGt......?EH5
1780 - 49 dc 6d 5d 63 b9 93 e0-b9 eb 6d 90 aa 5f c5 40   I.m]c.....m.._.@
1790 - 10 7d 04 55 07 71 f7 91-f4 1d e1 21 ce e5 61 f5   .}.U.q.....!..a.
17a0 - b1 32 28 9d cc b4 8a 85-38 df a2 cd 3a 38 58 f1   .2(.....8...:8X.
17b0 - 9e be 8d 62 e9 b6 56 a3-6e 43 96 e4 a3 f9 81 05   ...b..V.nC......
17c0 - c7 b7 fd e9 d6 61 07 58-b2 d3 bc 14 a5 62 17 51   .....a.X.....b.Q
17d0 - ed 2c 50 47 3b 5e 94 68-1a fc 08 28 4c e6 25 b2   .,PG;^.h...(L.%.
17e0 - 3b 95 b6 69 1a 96 24 dc-e0 66 0e 62 94 ff ac 3b   ;..i..$..f.b...;
17f0 - 7b 77 1d af aa 30 da 80-98 d0 c8 bd 18 9c aa 1d   {w...0..........
1800 - c6 1a 15 7f 03 95 af e6-4d 8a 87 82 30 14 4d 44   ........M...0.MD
1810 - d3 92 45 a8 2d c1 c9 17-03 03 00 13 50 cc 93 bc   ..E.-.......P...
1820 - 87 e4 87 bb ab 94 3e 71-1c 9d 56 eb 21 2c 63      ......>q..V.!,c
read from 0x70bd065161c0 [0x70bd065a1230] (16384 bytes => 0)
